"Sun Mar 15 12:31:51 IST 2020":"0:0:0:0.0:0.0:618G"
"Sun Mar 15 12:41:16 IST 2020":"0:0:0:0.0:0.0:618G"
"Sun Mar 15 12:51:45 IST 2020":"0:0:0:0.0:0.0:618G"
"Sun Mar 15 13:02:29 IST 2020":"0:0:0:0.0:0.0:618G"
"Sun Mar 15 13:12:16 IST 2020":"0:0:0:0.0:0.0:618G"
"Sun Mar 15 13:22:37 IST 2020":"0:0:0:0.0:0.0:618G"
"Sun Mar 15 13:33:19 IST 2020":"0:0:0:0.0:0.0:618G"
"Sun Mar 15 13:40:58 IST 2020":"0:0:0:0.0:0.0:618G"
"Sun Mar 15 13:54:43 IST 2020":"0:0:0:0.0:0.0:618G"
"Sun Mar 15 14:11:13 IST 2020":"0:0:0:0.0:0.0:618G"
"Sun Mar 15 14:31:19 IST 2020":"0:0:0:0.0:0.0:618G"
"Sun Mar 15 14:54:19 IST 2020":"0:0:0:0.0:0.0:618G"
"Sun Mar 15 15:19:13 IST 2020":"0:0:0:0.0:0.0:618G"
"Sun Mar 15 15:58:41 IST 2020":"0:0:0:0.0:0.0:618G"
"Sun Mar 15 16:23:10 IST 2020":"0:0:0:0.0:0.0:618G"
"Sun Mar 15 16:56:25 IST 2020":"0:0:0:0.0:0.0:618G"
"Sun Mar 15 17:04:02 IST 2020":"0:0:0:0.0:0.0:618G"
"Sun Mar 15 17:11:44 IST 2020":"0:0:0:0.0:0.0:618G"
"Sun Mar 15 17:19:20 IST 2020":"0:0:0:0.0:0.0:618G"
"Sun Mar 15 17:26:54 IST 2020":"0:0:0:0.0:0.0:618G"
"Sun Mar 15 17:34:31 IST 2020":"0:0:0:0.0:0.0:618G"
"Sun Mar 15 17:59:18 IST 2020":"0:0:0:0.0:0.0:618G"
"Sun Mar 15 18:06:55 IST 2020":"0:0:0:0.0:0.0:618G"
"Sun Mar 15 18:14:31 IST 2020":"0:0:0:0.0:0.0:618G"
"Sun Mar 15 18:22:02 IST 2020":"0:0:0:0.0:0.0:618G"
"Sun Mar 15 18:31:39 IST 2020":"0:0:0:0.0:0.0:618G"
"Sun Mar 15 18:39:14 IST 2020":"0:0:0:0.0:0.0:618G"
"Sun Mar 15 18:46:53 IST 2020":"0:0:0:0.0:0.0:618G"
"Sun Mar 15 19:36:25 IST 2020":"0:0:0:0.0:0.0:618G"
"Sun Mar 15 19:44:03 IST 2020":"0:0:0:0.0:0.0:618G"
"Sun Mar 15 19:51:38 IST 2020":"0:0:0:0.0:0.0:618G"
"Sun Mar 15 19:59:23 IST 2020":"0:0:0:0.0:0.0:618G"
"Sun Mar 15 20:11:26 IST 2020":"0:0:0:0.0:0.0:618G"
"Sun Mar 15 20:19:07 IST 2020":"0:0:0:0.0:0.0:618G"
"Sun Mar 15 20:27:02 IST 2020":"0:0:0:0.0:0.0:618G"
"Sun Mar 15 20:34:41 IST 2020":"0:0:0:0.0:0.0:618G"
"Sun Mar 15 20:46:54 IST 2020":"0:0:0:0.0:0.0:618G"
"Sun Mar 15 20:54:55 IST 2020":"0:0:0:0.0:0.0:618G"
"Sun Mar 15 21:11:25 IST 2020":"0:0:0:0.0:0.0:618G"
"Sun Mar 15 21:19:06 IST 2020":"0:0:0:0.0:0.0:618G"
"Sun Mar 15 21:26:44 IST 2020":"0:0:0:0.0:0.0:618G"
"Sun Mar 15 21:34:19 IST 2020":"0:0:0:0.0:0.0:618G"
"Sun Mar 15 21:41:53 IST 2020":"0:0:0:0.0:0.0:618G"
"Sun Mar 15 21:49:32 IST 2020":"0:0:0:0.0:0.0:618G"
"Sun Mar 15 22:14:27 IST 2020":"0:0:0:0.0:0.0:618G"
"Sun Mar 15 22:22:07 IST 2020":"0:0:0:0.0:0.0:618G"
"Sun Mar 15 22:29:47 IST 2020":"0:0:0:0.0:0.0:618G"
"Sun Mar 15 22:37:27 IST 2020":"0:0:0:0.0:0.0:618G"
"Sun Mar 15 22:46:18 IST 2020":"0:0:0:0.0:0.0:618G"
"Sun Mar 15 22:53:55 IST 2020":"0:0:0:0.0:0.0:618G"
"Sun Mar 15 23:01:34 IST 2020":"0:0:0:0.0:0.0:618G"
"Sun Mar 15 23:09:58 IST 2020":"0:0:0:0.0:0.0:618G"
"Sun Mar 15 23:20:40 IST 2020":"0:0:0:0.0:0.0:618G"
"Sun Mar 15 23:34:15 IST 2020":"0:0:0:0.0:0.0:618G"
"Sun Mar 15 23:52:00 IST 2020":"0:0:0:0.0:0.0:618G"
"Mon Mar 16 00:00:22 IST 2020":"0:0:0:0.0:0.0:618G"
"Mon Mar 16 00:13:56 IST 2020":"0:0:0:0.0:0.0:618G"
"Mon Mar 16 00:22:03 IST 2020":"0:0:0:0.0:0.0:618G"
"Mon Mar 16 00:29:44 IST 2020":"0:0:0:0.0:0.0:618G"
"Mon Mar 16 00:46:36 IST 2020":"0:0:0:0.0:0.0:618G"
"Mon Mar 16 00:54:17 IST 2020":"0:0:0:0.0:0.0:618G"
"Mon Mar 16 01:22:47 IST 2020":"0:0:0:0.0:0.0:618G"
"Mon Mar 16 01:30:51 IST 2020":"0:0:0:0.0:0.0:618G"
"Mon Mar 16 01:38:25 IST 2020":"0:0:0:0.0:0.0:618G"
"Mon Mar 16 01:45:59 IST 2020":"0:0:0:0.0:0.0:618G"
"Mon Mar 16 01:53:36 IST 2020":"0:0:0:0.0:0.0:618G"
"Mon Mar 16 02:01:13 IST 2020":"0:0:0:0.0:0.0:618G"
"Mon Mar 16 02:08:53 IST 2020":"0:0:0:0.0:0.0:618G"
"Mon Mar 16 02:17:03 IST 2020":"0:0:0:0.0:0.0:618G"
"Mon Mar 16 02:31:57 IST 2020":"0:0:0:0.0:0.0:618G"
"Mon Mar 16 02:55:14 IST 2020":"0:0:0:0.0:0.0:618G"
"Mon Mar 16 03:14:11 IST 2020":"0:0:0:0.0:0.0:618G"
"Mon Mar 16 03:32:32 IST 2020":"0:0:0:0.0:0.0:618G"
"Mon Mar 16 03:49:46 IST 2020":"0:0:0:0.0:0.0:618G"
"Mon Mar 16 04:08:29 IST 2020":"0:0:0:0.0:0.0:618G"
"Mon Mar 16 04:28:44 IST 2020":"0:0:0:0.0:0.0:618G"
"Mon Mar 16 04:39:46 IST 2020":"0:0:0:0.0:0.0:618G"
"Mon Mar 16 04:47:24 IST 2020":"0:0:0:0.0:0.0:618G"
"Mon Mar 16 04:55:01 IST 2020":"0:0:0:0.0:0.0:618G"
"Mon Mar 16 05:02:39 IST 2020":"0:0:0:0.0:0.0:618G"
"Mon Mar 16 05:10:15 IST 2020":"0:0:0:0.0:0.0:618G"
"Mon Mar 16 05:17:49 IST 2020":"0:0:0:0.0:0.0:618G"
"Mon Mar 16 05:25:24 IST 2020":"0:0:0:0.0:0.0:618G"
"Mon Mar 16 05:32:59 IST 2020":"0:0:0:0.0:0.0:618G"
"Mon Mar 16 05:45:01 IST 2020":"0:0:0:0.0:0.0:618G"
"Mon Mar 16 05:52:37 IST 2020":"0:0:0:0.0:0.0:618G"
"Mon Mar 16 06:00:14 IST 2020":"0:0:0:0.0:0.0:618G"
"Mon Mar 16 06:07:48 IST 2020":"0:0:0:0.0:0.0:618G"
"Mon Mar 16 06:15:24 IST 2020":"0:0:0:0.0:0.0:618G"
"Mon Mar 16 06:23:00 IST 2020":"0:0:0:0.0:0.0:618G"
"Mon Mar 16 06:30:37 IST 2020":"0:0:0:0.0:0.0:618G"
"Mon Mar 16 06:40:07 IST 2020":"0:0:0:0.0:0.0:618G"
"Mon Mar 16 06:53:34 IST 2020":"0:0:0:0.0:0.0:618G"
"Mon Mar 16 07:16:19 IST 2020":"0:0:0:0.0:0.0:618G"
"Mon Mar 16 07:39:15 IST 2020":"0:0:0:0.0:0.0:618G"
"Mon Mar 16 07:56:38 IST 2020":"0:0:0:0.0:0.0:618G"
"Mon Mar 16 08:16:09 IST 2020":"0:0:0:0.0:0.0:618G"
"Mon Mar 16 08:24:01 IST 2020":"0:0:0:0.0:0.0:618G"
"Mon Mar 16 08:31:51 IST 2020":"0:0:0:0.0:0.0:618G"
"Mon Mar 16 08:39:26 IST 2020":"0:0:0:0.0:0.0:618G"
"Mon Mar 16 08:48:02 IST 2020":"0:0:0:0.0:0.0:618G"
"Mon Mar 16 08:55:41 IST 2020":"0:0:0:0.0:0.0:618G"
"Mon Mar 16 09:03:21 IST 2020":"0:0:0:0.0:0.0:618G"
"Mon Mar 16 09:10:59 IST 2020":"0:0:0:0.0:0.0:618G"
"Mon Mar 16 09:18:36 IST 2020":"0:0:0:0.0:0.0:618G"
"Mon Mar 16 09:26:14 IST 2020":"0:0:0:0.0:0.0:618G"
"Mon Mar 16 09:33:48 IST 2020":"0:0:0:0.0:0.0:618G"
"Mon Mar 16 09:41:21 IST 2020":"0:0:0:0.0:0.0:618G"
"Mon Mar 16 09:48:59 IST 2020":"0:0:0:0.0:0.0:618G"
"Mon Mar 16 09:56:33 IST 2020":"0:0:0:0.0:0.0:618G"
"Mon Mar 16 10:04:10 IST 2020":"0:0:0:0.0:0.0:618G"
"Tue Jun 09 18:14:56 IST 2020":"0:0:0:0.0:0.0:618G"
"Tue Jun 09 18:25:00 IST 2020":"0:0:0:0.0:0.0:618G"
"Tue Jun 09 18:34:54 IST 2020":"0:0:0:0.0:0.0:618G"
"Tue Jun 09 18:44:42 IST 2020":"0:0:0:0.0:0.0:618G"
"Tue Jun 09 19:04:18 IST 2020":"0:0:0:0.0:0.0:618G"
"Tue Jun 09 19:14:13 IST 2020":"0:0:0:0.0:0.0:618G"
"Tue Jun 09 19:24:03 IST 2020":"0:0:0:0.0:0.0:618G"
"Tue Jun 09 19:33:56 IST 2020":"0:0:0:0.0:0.0:618G"
"Tue Jun 09 19:44:04 IST 2020":"0:0:0:0.0:0.0:618G"
"Tue Jun 09 19:54:02 IST 2020":"0:0:0:0.0:0.0:618G"
"Tue Jun 09 20:04:17 IST 2020":"0:0:0:0.0:0.0:618G"
"Tue Jun 09 20:22:59 IST 2020":"0:0:0:0.0:0.0:618G"
"Tue Jun 09 20:33:08 IST 2020":"0:0:0:0.0:0.0:618G"
"Tue Jun 09 20:43:00 IST 2020":"0:0:0:0.0:0.0:618G"
"Tue Jun 09 20:53:15 IST 2020":"0:0:0:0.0:0.0:618G"
"Tue Jun 09 21:03:15 IST 2020":"0:0:0:0.0:0.0:618G"
"Tue Jun 09 21:13:16 IST 2020":"0:0:0:0.0:0.0:618G"
"Tue Jun 09 21:23:07 IST 2020":"0:0:0:0.0:0.0:618G"
"Tue Jun 09 21:34:05 IST 2020":"0:0:0:0.0:0.0:618G"
"Tue Jun 09 21:44:00 IST 2020":"0:0:0:0.0:0.0:618G"
"Tue Jun 09 21:54:06 IST 2020":"0:0:0:0.0:0.0:618G"
"Tue Jun 09 22:04:05 IST 2020":"0:0:0:0.0:0.0:618G"
"Tue Jun 09 22:14:18 IST 2020":"0:0:0:0.0:0.0:618G"
"Tue Jun 09 22:24:33 IST 2020":"0:0:0:0.0:0.0:618G"
"Tue Jun 09 22:34:33 IST 2020":"0:0:0:0.0:0.0:618G"
"Tue Jun 09 22:38:00 IST 2020":"0:0:0:0.0:0.0:618G"
"Tue Jun 09 22:54:11 IST 2020":"0:0:0:0.0:0.0:618G"
"Tue Jun 09 23:04:27 IST 2020":"0:0:0:0.0:0.0:618G"
"Tue Jun 09 23:14:37 IST 2020":"0:0:0:0.0:0.0:618G"
"Tue Jun 09 23:24:47 IST 2020":"0:0:0:0.0:0.0:618G"
"Tue Jun 09 23:35:08 IST 2020":"0:0:0:0.0:0.0:618G"
"Tue Jun 09 23:45:11 IST 2020":"0:0:0:0.0:0.0:618G"
"Tue Jun 09 23:55:23 IST 2020":"0:0:0:0.0:0.0:618G"
"Wed Jun 10 00:05:24 IST 2020":"0:0:0:0.0:0.0:618G"
"Wed Jun 10 00:15:37 IST 2020":"0:0:0:0.0:0.0:618G"
"Wed Jun 10 00:25:44 IST 2020":"0:0:0:0.0:0.0:618G"
"Wed Jun 10 00:37:39 IST 2020":"0:0:0:0.0:0.0:618G"
"Wed Jun 10 00:47:52 IST 2020":"0:0:0:0.0:0.0:618G"
"Wed Jun 10 00:58:08 IST 2020":"0:0:0:0.0:0.0:618G"
"Wed Jun 10 01:08:17 IST 2020":"0:0:0:0.0:0.0:618G"
"Wed Jun 10 01:19:00 IST 2020":"0:0:0:0.0:0.0:618G"
"Wed Jun 10 01:29:12 IST 2020":"0:0:0:0.0:0.0:618G"
"Wed Jun 10 01:39:16 IST 2020":"0:0:0:0.0:0.0:618G"
"Wed Jun 10 01:49:18 IST 2020":"0:0:0:0.0:0.0:618G"
"Wed Jun 10 01:59:13 IST 2020":"0:0:0:0.0:0.0:618G"
"Wed Jun 10 02:09:33 IST 2020":"0:0:0:0.0:0.0:618G"
"Wed Jun 10 02:28:05 IST 2020":"0:0:0:0.0:0.0:618G"
"Wed Jun 10 02:38:21 IST 2020":"0:0:0:0.0:0.0:618G"
"Wed Jun 10 02:48:23 IST 2020":"0:0:0:0.0:0.0:618G"
"Wed Jun 10 03:08:33 IST 2020":"0:0:0:0.0:0.0:618G"
"Wed Jun 10 03:18:32 IST 2020":"0:0:0:0.0:0.0:618G"
"Wed Jun 10 03:22:23 IST 2020":"0:0:0:0.0:0.0:618G"
"Wed Jun 10 03:38:06 IST 2020":"0:0:0:0.0:0.0:618G"
"Wed Jun 10 03:48:07 IST 2020":"0:0:0:0.0:0.0:618G"
"Wed Jun 10 03:58:14 IST 2020":"0:0:0:0.0:0.0:618G"
"Wed Jun 10 04:08:22 IST 2020":"0:0:0:0.0:0.0:618G"
"Wed Jun 10 04:19:08 IST 2020":"0:0:0:0.0:0.0:618G"
"Wed Jun 10 04:40:06 IST 2020":"0:0:0:0.0:0.0:618G"
"Wed Jun 10 04:50:14 IST 2020":"0:0:0:0.0:0.0:618G"
"Wed Jun 10 05:30:17 IST 2020":"0:0:0:0.0:0.0:618G"
"Wed Jun 10 05:49:25 IST 2020":"0:0:0:0.0:0.0:618G"
"Wed Jun 10 06:00:03 IST 2020":"0:0:0:0.0:0.0:618G"
"Wed Jun 10 06:10:09 IST 2020":"0:0:0:0.0:0.0:618G"
"Wed Jun 10 06:20:00 IST 2020":"0:0:0:0.0:0.0:618G"
"Wed Jun 10 06:29:53 IST 2020":"0:0:0:0.0:0.0:618G"
"Wed Jun 10 06:40:02 IST 2020":"0:0:0:0.0:0.0:618G"
"Wed Jun 10 06:49:51 IST 2020":"0:0:0:0.0:0.0:618G"
"Wed Jun 10 06:59:56 IST 2020":"0:0:0:0.0:0.0:618G"
"Wed Jun 10 07:10:14 IST 2020":"0:0:0:0.0:0.0:618G"
"Wed Jun 10 07:20:24 IST 2020":"0:0:0:0.0:0.0:618G"
"Wed Jun 10 07:30:22 IST 2020":"0:0:0:0.0:0.0:618G"
"Wed Jun 10 07:40:26 IST 2020":"0:0:0:0.0:0.0:618G"
"Wed Jun 10 07:50:28 IST 2020":"0:0:0:0.0:0.0:618G"
"Wed Jun 10 08:00:24 IST 2020":"0:0:0:0.0:0.0:618G"
"Wed Jun 10 08:10:22 IST 2020":"0:0:0:0.0:0.0:618G"
"Wed Jun 10 08:20:20 IST 2020":"0:0:0:0.0:0.0:618G"
"Wed Jun 10 08:30:13 IST 2020":"0:0:0:0.0:0.0:618G"
"Wed Jun 10 08:40:07 IST 2020":"0:0:0:0.0:0.0:618G"
"Wed Jun 10 08:50:04 IST 2020":"0:0:0:0.0:0.0:618G"
"Wed Jun 10 08:59:51 IST 2020":"0:0:0:0.0:0.0:618G"
"Wed Jun 10 09:09:42 IST 2020":"0:0:0:0.0:0.0:618G"
"Wed Jun 10 09:26:36 IST 2020":"0:0:0:0.0:0.0:618G"
"Wed Jun 10 09:36:30 IST 2020":"0:0:0:0.0:0.0:618G"
"Wed Jun 10 09:46:23 IST 2020":"0:0:0:0.0:0.0:618G"
"Wed Jun 10 09:56:15 IST 2020":"0:0:0:0.0:0.0:618G"
"Wed Jun 10 10:06:34 IST 2020":"0:0:0:0.0:0.0:618G"
"Wed Jun 10 10:10:12 IST 2020":"0:0:0:0.0:0.0:618G"
"Wed Jun 10 10:34:01 IST 2020":"0:0:0:0.0:0.0:618G"
"Wed Jun 10 10:43:44 IST 2020":"0:0:0:0.0:0.0:618G"
"Wed Jun 10 10:53:32 IST 2020":"0:0:0:0.0:0.0:618G"
"Wed Jun 10 11:03:28 IST 2020":"0:0:0:0.0:0.0:618G"
"Wed Jun 10 11:13:24 IST 2020":"0:0:0:0.0:0.0:618G"
"Wed Jun 10 11:23:25 IST 2020":"0:0:0:0.0:0.0:618G"
"Wed Jun 10 11:33:18 IST 2020":"0:0:0:0.0:0.0:618G"
"Wed Jun 10 11:44:49 IST 2020":"0:0:0:0.0:0.0:618G"
"Wed Jun 10 11:55:07 IST 2020":"0:0:0:0.0:0.0:618G"
"Wed Jun 10 12:14:40 IST 2020":"0:0:0:0.0:0.0:618G"
"Wed Jun 10 12:24:33 IST 2020":"0:0:0:0.0:0.0:618G"
"Wed Jun 10 12:34:30 IST 2020":"0:0:0:0.0:0.0:618G"
"Wed Jun 10 12:53:35 IST 2020":"0:0:0:0.0:0.0:618G"
"Wed Jun 10 13:03:33 IST 2020":"0:0:0:0.0:0.0:618G"
"Wed Jun 10 13:14:23 IST 2020":"0:0:0:0.0:0.0:618G"
"Wed Jun 10 13:24:20 IST 2020":"0:0:0:0.0:0.0:618G"
"Wed Jun 10 13:34:17 IST 2020":"0:0:0:0.0:0.0:618G"
"Wed Jun 10 13:44:27 IST 2020":"0:0:0:0.0:0.0:618G"
"Wed Jun 10 13:54:19 IST 2020":"0:0:0:0.0:0.0:618G"
"Wed Jun 10 14:04:31 IST 2020":"0:0:0:0.0:0.0:618G"
"Wed Jun 10 14:14:51 IST 2020":"0:0:0:0.0:0.0:618G"
"Wed Jun 10 14:24:49 IST 2020":"0:0:0:0.0:0.0:618G"
"Wed Jun 10 14:34:48 IST 2020":"0:0:0:0.0:0.0:618G"
"Wed Jun 10 14:45:30 IST 2020":"0:0:0:0.0:0.0:618G"
"Wed Jun 10 14:55:26 IST 2020":"0:0:0:0.0:0.0:618G"
"Wed Jun 10 15:14:47 IST 2020":"0:0:0:0.0:0.0:618G"
"Wed Jun 10 15:24:54 IST 2020":"0:0:0:0.0:0.0:618G"
"Wed Jun 10 15:35:51 IST 2020":"0:0:0:0.0:0.0:618G"
"Wed Jun 10 15:45:49 IST 2020":"0:0:0:0.0:0.0:618G"
"Wed Jun 10 15:55:48 IST 2020":"0:0:0:0.0:0.0:618G"
"Wed Jun 10 16:16:26 IST 2020":"0:0:0:0.0:0.0:618G"
"Wed Jun 10 16:27:15 IST 2020":"0:0:0:0.0:0.0:618G"
"Wed Jun 10 16:37:37 IST 2020":"0:0:0:0.0:0.0:618G"
"Wed Jun 10 16:56:55 IST 2020":"0:0:0:0.0:0.0:618G"
"Wed Jun 10 17:06:58 IST 2020":"0:0:0:0.0:0.0:618G"
"Wed Jun 10 17:17:15 IST 2020":"0:0:0:0.0:0.0:618G"
"Wed Jun 10 17:27:39 IST 2020":"0:0:0:0.0:0.0:618G"
"Wed Jun 10 17:38:04 IST 2020":"0:0:0:0.0:0.0:618G"
"Wed Jun 10 17:48:12 IST 2020":"0:0:0:0.0:0.0:618G"
"Wed Jun 10 17:59:09 IST 2020":"0:0:0:0.0:0.0:618G"
"Wed Jun 10 18:09:25 IST 2020":"0:0:0:0.0:0.0:618G"
"Wed Jun 10 18:19:46 IST 2020":"0:0:0:0.0:0.0:618G"
"Wed Jun 10 18:30:15 IST 2020":"0:0:0:0.0:0.0:618G"
"Wed Jun 10 18:40:18 IST 2020":"0:0:0:0.0:0.0:618G"
"Wed Jun 10 18:50:20 IST 2020":"0:0:0:0.0:0.0:618G"
"Wed Jun 10 19:00:22 IST 2020":"0:0:0:0.0:0.0:618G"
"Wed Jun 10 19:10:25 IST 2020":"0:0:0:0.0:0.0:618G"
"Wed Jun 10 19:20:29 IST 2020":"0:0:0:0.0:0.0:618G"
"Wed Jun 10 19:32:10 IST 2020":"0:0:0:0.0:0.0:618G"
"Wed Jun 10 19:42:22 IST 2020":"0:0:0:0.0:0.0:618G"
"Wed Jun 10 19:52:27 IST 2020":"0:0:0:0.0:0.0:618G"
"Wed Jun 10 20:02:24 IST 2020":"0:0:0:0.0:0.0:618G"
"Wed Jun 10 20:12:38 IST 2020":"0:0:0:0.0:0.0:618G"
"Wed Jun 10 20:23:32 IST 2020":"0:0:0:0.0:0.0:618G"
"Wed Jun 10 20:33:35 IST 2020":"0:0:0:0.0:0.0:618G"
"Wed Jun 10 20:43:47 IST 2020":"0:0:0:0.0:0.0:618G"
"Wed Jun 10 21:03:11 IST 2020":"0:0:0:0.0:0.0:618G"
"Wed Jun 10 21:13:23 IST 2020":"0:0:0:0.0:0.0:618G"
"Wed Jun 10 21:23:40 IST 2020":"0:0:0:0.0:0.0:618G"
"Wed Jun 10 21:33:44 IST 2020":"0:0:0:0.0:0.0:618G"
"Wed Jun 10 21:43:53 IST 2020":"0:0:0:0.0:0.0:618G"
"Wed Jun 10 21:54:01 IST 2020":"0:0:0:0.0:0.0:618G"
"Wed Jun 10 22:04:08 IST 2020":"0:0:0:0.0:0.0:618G"
"Wed Jun 10 22:24:13 IST 2020":"0:0:0:0.0:0.0:618G"
"Wed Jun 10 22:34:34 IST 2020":"0:0:0:0.0:0.0:618G"
"Wed Jun 10 22:45:01 IST 2020":"0:0:0:0.0:0.0:618G"
"Wed Jun 10 22:55:36 IST 2020":"0:0:0:0.0:0.0:618G"
"Wed Jun 10 23:05:54 IST 2020":"0:0:0:0.0:0.0:618G"
"Wed Jun 10 23:16:09 IST 2020":"0:0:0:0.0:0.0:618G"
"Wed Jun 10 23:26:24 IST 2020":"0:0:0:0.0:0.0:618G"
"Wed Jun 10 23:36:35 IST 2020":"0:0:0:0.0:0.0:618G"
"Wed Jun 10 23:46:41 IST 2020":"0:0:0:0.0:0.0:618G"
"Wed Jun 10 23:57:04 IST 2020":"0:0:0:0.0:0.0:618G"
"Thu Jun 11 00:07:16 IST 2020":"0:0:0:0.0:0.0:618G"
"Thu Jun 11 00:17:38 IST 2020":"0:0:0:0.0:0.0:618G"
"Thu Jun 11 00:28:01 IST 2020":"0:0:0:0.0:0.0:618G"
"Thu Jun 11 00:38:25 IST 2020":"0:0:0:0.0:0.0:618G"
"Thu Jun 11 00:58:25 IST 2020":"0:0:0:0.0:0.0:618G"
"Thu Jun 11 01:17:59 IST 2020":"0:0:0:0.0:0.0:618G"
"Thu Jun 11 01:28:14 IST 2020":"0:0:0:0.0:0.0:618G"
"Thu Jun 11 01:38:14 IST 2020":"0:0:0:0.0:0.0:618G"
"Thu Jun 11 01:48:42 IST 2020":"0:0:0:0.0:0.0:618G"
"Thu Jun 11 01:58:47 IST 2020":"0:0:0:0.0:0.0:618G"
"Thu Jun 11 02:09:20 IST 2020":"0:0:0:0.0:0.0:618G"
"Thu Jun 11 02:28:57 IST 2020":"0:0:0:0.0:0.0:618G"
"Thu Jun 11 02:39:16 IST 2020":"0:0:0:0.0:0.0:618G"
"Thu Jun 11 02:49:25 IST 2020":"0:0:0:0.0:0.0:618G"
"Thu Jun 11 02:59:29 IST 2020":"0:0:0:0.0:0.0:618G"
"Thu Jun 11 03:09:37 IST 2020":"0:0:0:0.0:0.0:618G"
"Thu Jun 11 03:19:45 IST 2020":"0:0:0:0.0:0.0:618G"
"Thu Jun 11 03:29:53 IST 2020":"0:0:0:0.0:0.0:618G"
"Thu Jun 11 03:40:03 IST 2020":"0:0:0:0.0:0.0:618G"
"Thu Jun 11 03:50:06 IST 2020":"0:0:0:0.0:0.0:618G"
"Thu Jun 11 04:00:04 IST 2020":"0:0:0:0.0:0.0:618G"
"Thu Jun 11 04:10:12 IST 2020":"0:0:0:0.0:0.0:618G"
"Thu Jun 11 04:14:19 IST 2020":"0:0:0:0.0:0.0:618G"
"Thu Jun 11 04:30:38 IST 2020":"0:0:0:0.0:0.0:618G"
"Thu Jun 11 04:40:47 IST 2020":"0:0:0:0.0:0.0:618G"
"Thu Jun 11 05:01:28 IST 2020":"0:0:0:0.0:0.0:618G"
"Thu Jun 11 05:12:07 IST 2020":"0:0:0:0.0:0.0:618G"
"Thu Jun 11 05:22:21 IST 2020":"0:0:0:0.0:0.0:618G"
"Thu Jun 11 05:32:35 IST 2020":"0:0:0:0.0:0.0:618G"
"Thu Jun 11 05:42:54 IST 2020":"0:0:0:0.0:0.0:618G"
"Thu Jun 11 05:53:12 IST 2020":"0:0:0:0.0:0.0:618G"
"Thu Jun 11 06:03:19 IST 2020":"0:0:0:0.0:0.0:618G"
"Thu Jun 11 06:13:25 IST 2020":"0:0:0:0.0:0.0:618G"
"Thu Jun 11 06:23:35 IST 2020":"0:0:0:0.0:0.0:618G"
"Thu Jun 11 06:33:48 IST 2020":"0:0:0:0.0:0.0:618G"
"Thu Jun 11 06:44:05 IST 2020":"0:0:0:0.0:0.0:618G"
"Thu Jun 11 06:54:21 IST 2020":"0:0:0:0.0:0.0:618G"
"Thu Jun 11 07:04:29 IST 2020":"0:0:0:0.0:0.0:618G"
"Thu Jun 11 07:14:45 IST 2020":"0:0:0:0.0:0.0:618G"
"Thu Jun 11 07:24:53 IST 2020":"0:0:0:0.0:0.0:618G"
"Thu Jun 11 07:35:01 IST 2020":"0:0:0:0.0:0.0:618G"
"Thu Jun 11 07:45:08 IST 2020":"0:0:0:0.0:0.0:618G"
"Thu Jun 11 07:55:17 IST 2020":"0:0:0:0.0:0.0:618G"
"Thu Jun 11 08:05:14 IST 2020":"0:0:0:0.0:0.0:618G"
"Thu Jun 11 08:15:19 IST 2020":"0:0:0:0.0:0.0:618G"
"Thu Jun 11 08:26:41 IST 2020":"0:0:0:0.0:0.0:618G"
"Thu Jun 11 08:36:44 IST 2020":"0:0:0:0.0:0.0:618G"
"Thu Jun 11 08:46:44 IST 2020":"0:0:0:0.0:0.0:618G"
"Thu Jun 11 08:56:57 IST 2020":"0:0:0:0.0:0.0:618G"
"Thu Jun 11 09:07:01 IST 2020":"0:0:0:0.0:0.0:618G"
"Thu Jun 11 09:17:05 IST 2020":"0:0:0:0.0:0.0:618G"
"Thu Jun 11 09:27:01 IST 2020":"0:0:0:0.0:0.0:618G"
"Thu Jun 11 09:37:05 IST 2020":"0:0:0:0.0:0.0:618G"
"Thu Jun 11 09:47:08 IST 2020":"0:0:0:0.0:0.0:618G"
"Thu Jun 11 09:57:16 IST 2020":"0:0:0:0.0:0.0:618G"
"Thu Jun 11 10:07:18 IST 2020":"0:0:0:0.0:0.0:618G"
"Thu Jun 11 10:17:27 IST 2020":"0:0:0:0.0:0.0:618G"
"Thu Jun 11 10:30:20 IST 2020":"0:0:0:0.0:0.0:618G"
"Thu Jun 11 10:46:12 IST 2020":"0:0:0:0.0:0.0:618G"
"Thu Jun 11 10:56:15 IST 2020":"0:0:0:0.0:0.0:618G"
"Thu Jun 11 11:06:10 IST 2020":"0:0:0:0.0:0.0:618G"
"Thu Jun 11 11:16:11 IST 2020":"0:0:0:0.0:0.0:618G"
"Thu Jun 11 11:26:30 IST 2020":"0:0:0:0.0:0.0:618G"
"Thu Jun 11 11:36:25 IST 2020":"0:0:0:0.0:0.0:618G"
"Thu Jun 11 11:46:16 IST 2020":"0:0:0:0.0:0.0:618G"
"Thu Jun 11 11:56:25 IST 2020":"0:0:0:0.0:0.0:618G"
"Thu Jun 11 12:25:34 IST 2020":"0:0:0:0.0:0.0:618G"
"Thu Jun 11 12:35:33 IST 2020":"0:0:0:0.0:0.0:618G"
"Thu Jun 11 12:52:27 IST 2020":"0:0:0:0.0:0.0:618G"
"Thu Jun 11 13:11:52 IST 2020":"0:0:0:0.0:0.0:618G"
"Thu Jun 11 13:22:09 IST 2020":"0:0:0:0.0:0.0:618G"
"Thu Jun 11 13:32:21 IST 2020":"0:0:0:0.0:0.0:618G"
"Thu Jun 11 13:42:36 IST 2020":"0:0:0:0.0:0.0:618G"
"Thu Jun 11 13:52:41 IST 2020":"0:0:0:0.0:0.0:618G"
"Thu Jun 11 14:02:47 IST 2020":"0:0:0:0.0:0.0:618G"
"Thu Jun 11 14:12:50 IST 2020":"0:0:0:0.0:0.0:618G"
"Thu Jun 11 14:22:58 IST 2020":"0:0:0:0.0:0.0:618G"
"Thu Jun 11 14:33:09 IST 2020":"0:0:0:0.0:0.0:618G"
"Thu Jun 11 14:43:05 IST 2020":"0:0:0:0.0:0.0:618G"
"Thu Jun 11 14:53:05 IST 2020":"0:0:0:0.0:0.0:618G"
"Thu Jun 11 15:03:07 IST 2020":"0:0:0:0.0:0.0:618G"
"Thu Jun 11 15:13:10 IST 2020":"0:0:0:0.0:0.0:618G"
"Thu Jun 11 15:23:18 IST 2020":"0:0:0:0.0:0.0:618G"
"Thu Jun 11 15:27:16 IST 2020":"0:0:0:0.0:0.0:618G"
"Thu Jun 11 15:43:04 IST 2020":"0:0:0:0.0:0.0:618G"
"Thu Jun 11 15:53:12 IST 2020":"0:0:0:0.0:0.0:618G"
"Thu Jun 11 16:03:17 IST 2020":"0:0:0:0.0:0.0:618G"
"Thu Jun 11 16:13:18 IST 2020":"0:0:0:0.0:0.0:618G"
"Thu Jun 11 16:23:23 IST 2020":"0:0:0:0.0:0.0:618G"
"Thu Jun 11 16:33:22 IST 2020":"0:0:0:0.0:0.0:618G"
"Thu Jun 11 16:43:34 IST 2020":"0:0:0:0.0:0.0:618G"
"Thu Jun 11 16:47:15 IST 2020":"0:0:0:0.0:0.0:618G"
"Thu Jun 11 17:02:49 IST 2020":"0:0:0:0.0:0.0:618G"
"Thu Jun 11 17:13:02 IST 2020":"0:0:0:0.0:0.0:618G"
"Thu Jun 11 17:23:16 IST 2020":"0:0:0:0.0:0.0:618G"
"Thu Jun 11 17:33:20 IST 2020":"0:0:0:0.0:0.0:618G"
"Thu Jun 11 17:43:21 IST 2020":"0:0:0:0.0:0.0:618G"
"Thu Jun 11 17:53:38 IST 2020":"0:0:0:0.0:0.0:618G"
"Thu Jun 11 18:03:46 IST 2020":"0:0:0:0.0:0.0:618G"
"Thu Jun 11 18:22:47 IST 2020":"0:0:0:0.0:0.0:618G"
"Thu Jun 11 18:32:50 IST 2020":"0:0:0:0.0:0.0:618G"
"Thu Jun 11 18:42:10 IST 2020":"0:0:0:0.0:0.0:618G"
"Thu Jun 11 18:51:21 IST 2020":"0:0:0:0.0:0.0:618G"
"Thu Jun 11 19:00:56 IST 2020":"0:0:0:0.0:0.0:618G"
"Thu Jun 11 19:10:42 IST 2020":"0:0:0:0.0:0.0:618G"
"Thu Jun 11 19:20:20 IST 2020":"0:0:0:0.0:0.0:618G"
"Thu Jun 11 19:29:36 IST 2020":"0:0:0:0.0:0.0:618G"
"Thu Jun 11 19:39:02 IST 2020":"0:0:0:0.0:0.0:618G"
"Thu Jun 11 19:48:29 IST 2020":"0:0:0:0.0:0.0:618G"
"Thu Jun 11 19:57:43 IST 2020":"0:0:0:0.0:0.0:618G"
"Thu Jun 11 20:08:16 IST 2020":"0:0:0:0.0:0.0:618G"
"Thu Jun 11 20:19:35 IST 2020":"0:0:0:0.0:0.0:618G"
"Thu Jun 11 20:29:01 IST 2020":"0:0:0:0.0:0.0:618G"
"Thu Jun 11 20:38:21 IST 2020":"0:0:0:0.0:0.0:618G"
"Thu Jun 11 20:47:41 IST 2020":"0:0:0:0.0:0.0:618G"
"Thu Jun 11 20:57:05 IST 2020":"0:0:0:0.0:0.0:618G"
"Thu Jun 11 21:07:31 IST 2020":"0:0:0:0.0:0.0:618G"
"Thu Jun 11 21:21:38 IST 2020":"0:0:0:0.0:0.0:618G"
"Thu Jun 11 21:31:12 IST 2020":"0:0:0:0.0:0.0:618G"
"Thu Jun 11 21:39:51 IST 2020":"0:0:0:0.0:0.0:618G"
"Thu Jun 11 21:50:11 IST 2020":"0:0:0:0.0:0.0:618G"
"Thu Jun 11 21:59:30 IST 2020":"0:0:0:0.0:0.0:618G"
"Thu Jun 11 22:09:16 IST 2020":"0:0:0:0.0:0.0:618G"
"Thu Jun 11 22:18:29 IST 2020":"0:0:0:0.0:0.0:618G"
"Thu Jun 11 22:28:20 IST 2020":"0:0:0:0.0:0.0:618G"
"Thu Jun 11 22:37:17 IST 2020":"0:0:0:0.0:0.0:618G"
"Thu Jun 11 22:47:01 IST 2020":"0:0:0:0.0:0.0:618G"
"Thu Jun 11 22:55:59 IST 2020":"0:0:0:0.0:0.0:618G"
"Thu Jun 11 23:05:02 IST 2020":"0:0:0:0.0:0.0:618G"
"Thu Jun 11 23:14:12 IST 2020":"0:0:0:0.0:0.0:618G"
"Thu Jun 11 23:23:48 IST 2020":"0:0:0:0.0:0.0:618G"
"Thu Jun 11 23:32:46 IST 2020":"0:0:0:0.0:0.0:618G"
"Thu Jun 11 23:41:35 IST 2020":"0:0:0:0.0:0.0:618G"
"Thu Jun 11 23:51:03 IST 2020":"0:0:0:0.0:0.0:618G"
"Fri Jun 12 00:00:08 IST 2020":"0:0:0:0.0:0.0:618G"
"Fri Jun 12 00:10:02 IST 2020":"0:0:0:0.0:0.0:618G"
"Fri Jun 12 00:19:12 IST 2020":"0:0:0:0.0:0.0:618G"
"Fri Jun 12 00:29:15 IST 2020":"0:0:0:0.0:0.0:618G"
"Fri Jun 12 00:38:49 IST 2020":"0:0:0:0.0:0.0:618G"
"Fri Jun 12 00:47:45 IST 2020":"0:0:0:0.0:0.0:618G"
"Fri Jun 12 00:57:33 IST 2020":"0:0:0:0.0:0.0:618G"
"Fri Jun 12 01:07:37 IST 2020":"0:0:0:0.0:0.0:618G"
"Fri Jun 12 01:17:08 IST 2020":"0:0:0:0.0:0.0:618G"
"Fri Jun 12 01:27:02 IST 2020":"0:0:0:0.0:0.0:618G"
"Fri Jun 12 01:36:43 IST 2020":"0:0:0:0.0:0.0:618G"
"Fri Jun 12 01:45:24 IST 2020":"0:0:0:0.0:0.0:618G"
"Fri Jun 12 01:55:13 IST 2020":"0:0:0:0.0:0.0:618G"
"Fri Jun 12 02:04:28 IST 2020":"0:0:0:0.0:0.0:618G"
"Fri Jun 12 02:13:45 IST 2020":"0:0:0:0.0:0.0:618G"
"Fri Jun 12 02:22:47 IST 2020":"0:0:0:0.0:0.0:618G"
"Fri Jun 12 02:31:55 IST 2020":"0:0:0:0.0:0.0:618G"
"Fri Jun 12 02:41:48 IST 2020":"0:0:0:0.0:0.0:618G"
"Fri Jun 12 02:50:57 IST 2020":"0:0:0:0.0:0.0:618G"
"Fri Jun 12 03:00:09 IST 2020":"0:0:0:0.0:0.0:618G"
"Fri Jun 12 03:08:48 IST 2020":"0:0:0:0.0:0.0:618G"
"Fri Jun 12 03:17:45 IST 2020":"0:0:0:0.0:0.0:618G"
"Fri Jun 12 03:27:05 IST 2020":"0:0:0:0.0:0.0:618G"
"Fri Jun 12 03:36:57 IST 2020":"0:0:0:0.0:0.0:618G"
"Fri Jun 12 03:45:33 IST 2020":"0:0:0:0.0:0.0:618G"
"Fri Jun 12 03:54:12 IST 2020":"0:0:0:0.0:0.0:618G"
"Fri Jun 12 04:03:22 IST 2020":"0:0:0:0.0:0.0:618G"
"Fri Jun 12 04:13:30 IST 2020":"0:0:0:0.0:0.0:618G"
"Fri Jun 12 04:23:29 IST 2020":"0:0:0:0.0:0.0:618G"
"Fri Jun 12 04:34:21 IST 2020":"0:0:0:0.0:0.0:618G"
"Fri Jun 12 04:43:13 IST 2020":"0:0:0:0.0:0.0:618G"
"Fri Jun 12 04:52:43 IST 2020":"0:0:0:0.0:0.0:618G"
"Fri Jun 12 05:01:55 IST 2020":"0:0:0:0.0:0.0:618G"
"Fri Jun 12 05:11:27 IST 2020":"0:0:0:0.0:0.0:618G"
"Fri Jun 12 05:20:51 IST 2020":"0:0:0:0.0:0.0:618G"
"Fri Jun 12 05:29:46 IST 2020":"0:0:0:0.0:0.0:618G"
"Fri Jun 12 05:38:46 IST 2020":"0:0:0:0.0:0.0:618G"
"Fri Jun 12 05:49:43 IST 2020":"0:0:0:0.0:0.0:618G"
"Fri Jun 12 05:59:06 IST 2020":"0:0:0:0.0:0.0:618G"
"Fri Jun 12 06:08:25 IST 2020":"0:0:0:0.0:0.0:618G"
"Fri Jun 12 06:17:13 IST 2020":"0:0:0:0.0:0.0:618G"
"Fri Jun 12 06:26:26 IST 2020":"0:0:0:0.0:0.0:618G"
"Fri Jun 12 06:36:10 IST 2020":"0:0:0:0.0:0.0:618G"
"Fri Jun 12 06:45:35 IST 2020":"0:0:0:0.0:0.0:618G"
"Fri Jun 12 07:03:47 IST 2020":"0:0:0:0.0:0.0:618G"
"Fri Jun 12 07:13:09 IST 2020":"0:0:0:0.0:0.0:618G"
"Fri Jun 12 07:22:26 IST 2020":"0:0:0:0.0:0.0:618G"
"Fri Jun 12 07:31:13 IST 2020":"0:0:0:0.0:0.0:618G"
"Fri Jun 12 07:40:06 IST 2020":"0:0:0:0.0:0.0:618G"
"Fri Jun 12 07:48:51 IST 2020":"0:0:0:0.0:0.0:618G"
"Fri Jun 12 07:58:08 IST 2020":"0:0:0:0.0:0.0:618G"
"Fri Jun 12 08:07:02 IST 2020":"0:0:0:0.0:0.0:618G"
"Fri Jun 12 08:17:05 IST 2020":"0:0:0:0.0:0.0:618G"
"Fri Jun 12 08:26:13 IST 2020":"0:0:0:0.0:0.0:618G"
"Fri Jun 12 08:34:56 IST 2020":"0:0:0:0.0:0.0:618G"
"Fri Jun 12 08:43:51 IST 2020":"0:0:0:0.0:0.0:618G"
"Fri Jun 12 08:54:30 IST 2020":"0:0:0:0.0:0.0:618G"
"Fri Jun 12 09:04:53 IST 2020":"0:0:0:0.0:0.0:618G"
"Fri Jun 12 09:14:04 IST 2020":"0:0:0:0.0:0.0:618G"
"Fri Jun 12 09:22:47 IST 2020":"0:0:0:0.0:0.0:618G"
"Fri Jun 12 09:31:49 IST 2020":"0:0:0:0.0:0.0:618G"
"Fri Jun 12 09:41:28 IST 2020":"0:0:0:0.0:0.0:618G"
"Fri Jun 12 09:51:45 IST 2020":"0:0:0:0.0:0.0:618G"
"Fri Jun 12 10:01:00 IST 2020":"0:0:0:0.0:0.0:618G"
"Fri Jun 12 10:09:52 IST 2020":"0:0:0:0.0:0.0:618G"
"Fri Jun 12 10:28:07 IST 2020":"0:0:0:0.0:0.0:618G"
"Fri Jun 12 10:47:07 IST 2020":"0:0:0:0.0:0.0:618G"
"Fri Jun 12 10:55:47 IST 2020":"0:0:0:0.0:0.0:618G"
"Fri Jun 12 11:04:51 IST 2020":"0:0:0:0.0:0.0:618G"
"Fri Jun 12 11:14:02 IST 2020":"0:0:0:0.0:0.0:618G"
"Fri Jun 12 11:23:45 IST 2020":"0:0:0:0.0:0.0:618G"
"Fri Jun 12 11:33:37 IST 2020":"0:0:0:0.0:0.0:618G"
"Fri Jun 12 11:42:19 IST 2020":"0:0:0:0.0:0.0:618G"
"Fri Jun 12 11:51:20 IST 2020":"0:0:0:0.0:0.0:618G"
"Fri Jun 12 11:59:57 IST 2020":"0:0:0:0.0:0.0:618G"
"Fri Jun 12 12:08:42 IST 2020":"0:0:0:0.0:0.0:618G"
"Fri Jun 12 12:19:07 IST 2020":"0:0:0:0.0:0.0:618G"
"Fri Jun 12 12:27:49 IST 2020":"0:0:0:0.0:0.0:618G"
"Fri Jun 12 12:37:10 IST 2020":"0:0:0:0.0:0.0:618G"
"Fri Jun 12 12:46:11 IST 2020":"0:0:0:0.0:0.0:618G"
"Fri Jun 12 13:14:04 IST 2020":"0:0:0:0.0:0.0:618G"
"Fri Jun 12 13:41:34 IST 2020":"0:0:0:0.0:0.0:618G"
"Fri Jun 12 13:52:17 IST 2020":"0:0:0:0.0:0.0:618G"
"Fri Jun 12 14:01:01 IST 2020":"0:0:0:0.0:0.0:618G"
"Fri Jun 12 14:09:55 IST 2020":"0:0:0:0.0:0.0:618G"
"Fri Jun 12 14:19:00 IST 2020":"0:0:0:0.0:0.0:618G"
"Fri Jun 12 14:28:04 IST 2020":"0:0:0:0.0:0.0:618G"
"Fri Jun 12 14:38:34 IST 2020":"0:0:0:0.0:0.0:618G"
"Fri Jun 12 14:47:13 IST 2020":"0:0:0:0.0:0.0:618G"
"Fri Jun 12 14:56:07 IST 2020":"0:0:0:0.0:0.0:618G"
"Fri Jun 12 15:05:11 IST 2020":"0:0:0:0.0:0.0:618G"
"Fri Jun 12 15:14:38 IST 2020":"0:0:0:0.0:0.0:618G"
"Fri Jun 12 15:42:49 IST 2020":"0:0:0:0.0:0.0:618G"
"Fri Jun 12 15:52:16 IST 2020":"0:0:0:0.0:0.0:618G"
"Fri Jun 12 16:02:35 IST 2020":"0:0:0:0.0:0.0:618G"
"Fri Jun 12 16:13:36 IST 2020":"0:0:0:0.0:0.0:618G"
"Fri Jun 12 16:22:15 IST 2020":"0:0:0:0.0:0.0:618G"
"Fri Jun 12 16:31:16 IST 2020":"0:0:0:0.0:0.0:618G"
"Fri Jun 12 16:40:20 IST 2020":"0:0:0:0.0:0.0:618G"
"Fri Jun 12 16:49:54 IST 2020":"0:0:0:0.0:0.0:618G"
"Fri Jun 12 17:00:48 IST 2020":"0:0:0:0.0:0.0:618G"
"Fri Jun 12 17:09:25 IST 2020":"0:0:0:0.0:0.0:618G"
"Fri Jun 12 17:18:24 IST 2020":"0:0:0:0.0:0.0:618G"
"Fri Jun 12 17:27:38 IST 2020":"0:0:0:0.0:0.0:618G"
"Fri Jun 12 17:36:45 IST 2020":"0:0:0:0.0:0.0:618G"
"Fri Jun 12 17:46:59 IST 2020":"0:0:0:0.0:0.0:618G"
"Fri Jun 12 17:55:53 IST 2020":"0:0:0:0.0:0.0:618G"
"Fri Jun 12 18:04:46 IST 2020":"0:0:0:0.0:0.0:618G"
"Fri Jun 12 18:14:10 IST 2020":"0:0:0:0.0:0.0:618G"
"Fri Jun 12 18:23:41 IST 2020":"0:0:0:0.0:0.0:618G"
"Fri Jun 12 18:34:05 IST 2020":"0:0:0:0.0:0.0:618G"
"Fri Jun 12 18:42:56 IST 2020":"0:0:0:0.0:0.0:618G"
"Fri Jun 12 18:51:50 IST 2020":"0:0:0:0.0:0.0:618G"
"Fri Jun 12 19:00:57 IST 2020":"0:0:0:0.0:0.0:618G"
"Fri Jun 12 19:10:27 IST 2020":"0:0:0:0.0:0.0:618G"
"Fri Jun 12 19:20:55 IST 2020":"0:0:0:0.0:0.0:618G"
"Fri Jun 12 19:29:35 IST 2020":"0:0:0:0.0:0.0:618G"
"Fri Jun 12 19:38:35 IST 2020":"0:0:0:0.0:0.0:618G"
"Fri Jun 12 19:47:43 IST 2020":"0:0:0:0.0:0.0:618G"
"Fri Jun 12 19:57:18 IST 2020":"0:0:0:0.0:0.0:618G"
"Fri Jun 12 20:07:24 IST 2020":"0:0:0:0.0:0.0:618G"
"Fri Jun 12 20:16:34 IST 2020":"0:0:0:0.0:0.0:618G"
"Fri Jun 12 20:25:10 IST 2020":"0:0:0:0.0:0.0:618G"
"Fri Jun 12 20:34:32 IST 2020":"0:0:0:0.0:0.0:618G"
"Fri Jun 12 20:43:48 IST 2020":"0:0:0:0.0:0.0:618G"
"Fri Jun 12 20:52:28 IST 2020":"0:0:0:0.0:0.0:618G"
"Fri Jun 12 21:01:23 IST 2020":"0:0:0:0.0:0.0:618G"
"Fri Jun 12 21:10:07 IST 2020":"0:0:0:0.0:0.0:618G"
"Fri Jun 12 21:18:59 IST 2020":"0:0:0:0.0:0.0:618G"
"Fri Jun 12 21:28:31 IST 2020":"0:0:0:0.0:0.0:618G"
"Fri Jun 12 21:39:10 IST 2020":"0:0:0:0.0:0.0:618G"
"Fri Jun 12 21:49:37 IST 2020":"0:0:0:0.0:0.0:618G"
"Fri Jun 12 21:58:16 IST 2020":"0:0:0:0.0:0.0:618G"
"Fri Jun 12 22:07:14 IST 2020":"0:0:0:0.0:0.0:618G"
"Fri Jun 12 22:17:08 IST 2020":"0:0:0:0.0:0.0:618G"
"Fri Jun 12 22:26:55 IST 2020":"0:0:0:0.0:0.0:618G"
"Fri Jun 12 22:36:14 IST 2020":"0:0:0:0.0:0.0:618G"
"Fri Jun 12 22:54:13 IST 2020":"0:0:0:0.0:0.0:618G"
"Fri Jun 12 23:03:59 IST 2020":"0:0:0:0.0:0.0:618G"
"Fri Jun 12 23:15:18 IST 2020":"0:0:0:0.0:0.0:618G"
"Fri Jun 12 23:23:55 IST 2020":"0:0:0:0.0:0.0:618G"
"Fri Jun 12 23:32:58 IST 2020":"0:0:0:0.0:0.0:618G"
"Fri Jun 12 23:42:00 IST 2020":"0:0:0:0.0:0.0:618G"
"Fri Jun 12 23:51:23 IST 2020":"0:0:0:0.0:0.0:618G"
"Sat Jun 13 00:00:03 IST 2020":"0:0:0:0.0:0.0:618G"
"Sat Jun 13 00:09:37 IST 2020":"0:0:0:0.0:0.0:618G"
"Sat Jun 13 00:18:36 IST 2020":"0:0:0:0.0:0.0:618G"
"Sat Jun 13 00:27:33 IST 2020":"0:0:0:0.0:0.0:618G"
"Sat Jun 13 00:37:41 IST 2020":"0:0:0:0.0:0.0:618G"
"Sat Jun 13 00:47:57 IST 2020":"0:0:0:0.0:0.0:618G"
"Sat Jun 13 00:57:04 IST 2020":"0:0:0:0.0:0.0:618G"
"Sat Jun 13 01:05:48 IST 2020":"0:0:0:0.0:0.0:618G"
"Sat Jun 13 01:14:40 IST 2020":"0:0:0:0.0:0.0:618G"
"Sat Jun 13 01:23:35 IST 2020":"0:0:0:0.0:0.0:618G"
"Sat Jun 13 01:33:14 IST 2020":"0:0:0:0.0:0.0:618G"
"Sat Jun 13 01:51:24 IST 2020":"0:0:0:0.0:0.0:618G"
"Sat Jun 13 02:00:15 IST 2020":"0:0:0:0.0:0.0:618G"
"Sat Jun 13 02:09:02 IST 2020":"0:0:0:0.0:0.0:618G"
"Sat Jun 13 02:19:07 IST 2020":"0:0:0:0.0:0.0:618G"
"Sat Jun 13 02:28:29 IST 2020":"0:0:0:0.0:0.0:618G"
"Sat Jun 13 02:45:51 IST 2020":"0:0:0:0.0:0.0:618G"
"Sat Jun 13 02:55:17 IST 2020":"0:0:0:0.0:0.0:618G"
"Sat Jun 13 03:05:12 IST 2020":"0:0:0:0.0:0.0:618G"
"Sat Jun 13 03:15:02 IST 2020":"0:0:0:0.0:0.0:618G"
"Sat Jun 13 03:24:20 IST 2020":"0:0:0:0.0:0.0:618G"
"Sat Jun 13 03:33:13 IST 2020":"0:0:0:0.0:0.0:618G"
"Sat Jun 13 03:42:05 IST 2020":"0:0:0:0.0:0.0:618G"
"Sat Jun 13 03:51:51 IST 2020":"0:0:0:0.0:0.0:618G"
"Sat Jun 13 04:01:16 IST 2020":"0:0:0:0.0:0.0:618G"
"Sat Jun 13 04:19:58 IST 2020":"0:0:0:0.0:0.0:618G"
"Sat Jun 13 04:29:50 IST 2020":"0:0:0:0.0:0.0:618G"
"Sat Jun 13 04:40:21 IST 2020":"0:0:0:0.0:0.0:618G"
"Sat Jun 13 05:08:05 IST 2020":"0:0:0:0.0:0.0:618G"
"Sat Jun 13 05:17:33 IST 2020":"0:0:0:0.0:0.0:618G"
"Sat Jun 13 05:27:22 IST 2020":"0:0:0:0.0:0.0:618G"
"Sat Jun 13 05:37:00 IST 2020":"0:0:0:0.0:0.0:618G"
"Sat Jun 13 05:46:34 IST 2020":"0:0:0:0.0:0.0:618G"
"Sat Jun 13 05:55:18 IST 2020":"0:0:0:0.0:0.0:618G"
"Sat Jun 13 06:04:56 IST 2020":"0:0:0:0.0:0.0:618G"
"Sat Jun 13 13:14:01 IST 2020":"0:0:0:0.0:0.0:618G"
"Sat Jun 13 13:23:53 IST 2020":"0:0:0:0.0:0.0:618G"
"Sat Jun 13 13:33:30 IST 2020":"0:0:0:0.0:0.0:618G"
"Sat Jun 13 13:43:03 IST 2020":"0:0:0:0.0:0.0:618G"
"Sat Jun 13 13:52:16 IST 2020":"0:0:0:0.0:0.0:618G"
"Sat Jun 13 14:01:46 IST 2020":"0:0:0:0.0:0.0:618G"
"Sat Jun 13 14:11:23 IST 2020":"0:0:0:0.0:0.0:618G"
"Sat Jun 13 14:20:54 IST 2020":"0:0:0:0.0:0.0:618G"
"Sat Jun 13 14:30:55 IST 2020":"0:0:0:0.0:0.0:618G"
"Sat Jun 13 14:40:07 IST 2020":"0:0:0:0.0:0.0:618G"
"Sat Jun 13 14:49:39 IST 2020":"0:0:0:0.0:0.0:618G"
"Sat Jun 13 15:00:55 IST 2020":"0:0:0:0.0:0.0:618G"
"Sat Jun 13 15:19:22 IST 2020":"0:0:0:0.0:0.0:618G"
"Sat Jun 13 15:28:23 IST 2020":"0:0:0:0.0:0.0:618G"
"Sat Jun 13 15:37:56 IST 2020":"0:0:0:0.0:0.0:618G"
"Sat Jun 13 15:47:28 IST 2020":"0:0:0:0.0:0.0:618G"
"Sat Jun 13 15:56:59 IST 2020":"0:0:0:0.0:0.0:618G"
"Sat Jun 13 16:25:16 IST 2020":"0:0:0:0.0:0.0:618G"
"Sat Jun 13 16:34:45 IST 2020":"0:0:0:0.0:0.0:618G"
"Sat Jun 13 16:44:20 IST 2020":"0:0:0:0.0:0.0:618G"
"Sat Jun 13 16:53:38 IST 2020":"0:0:0:0.0:0.0:618G"
"Sat Jun 13 17:02:41 IST 2020":"0:0:0:0.0:0.0:618G"
"Sat Jun 13 17:12:10 IST 2020":"0:0:0:0.0:0.0:618G"
"Sat Jun 13 17:21:54 IST 2020":"0:0:0:0.0:0.0:618G"
"Sat Jun 13 17:31:12 IST 2020":"0:0:0:0.0:0.0:618G"
"Sat Jun 13 17:40:35 IST 2020":"0:0:0:0.0:0.0:618G"
"Sat Jun 13 17:49:51 IST 2020":"0:0:0:0.0:0.0:618G"
"Sat Jun 13 18:00:06 IST 2020":"0:0:0:0.0:0.0:618G"
"Sat Jun 13 18:08:39 IST 2020":"0:0:0:0.0:0.0:618G"
"Sat Jun 13 18:17:46 IST 2020":"0:0:0:0.0:0.0:618G"
"Sat Jun 13 18:27:27 IST 2020":"0:0:0:0.0:0.0:618G"
"Sat Jun 13 18:36:35 IST 2020":"0:0:0:0.0:0.0:618G"
"Sat Jun 13 18:46:13 IST 2020":"0:0:0:0.0:0.0:618G"
"Sat Jun 13 18:55:21 IST 2020":"0:0:0:0.0:0.0:618G"
"Sat Jun 13 19:04:03 IST 2020":"0:0:0:0.0:0.0:618G"
"Sat Jun 13 19:13:19 IST 2020":"0:0:0:0.0:0.0:618G"
"Sat Jun 13 19:22:28 IST 2020":"0:0:0:0.0:0.0:618G"
"Sat Jun 13 19:31:44 IST 2020":"0:0:0:0.0:0.0:618G"
"Sat Jun 13 19:42:00 IST 2020":"0:0:0:0.0:0.0:618G"
"Sat Jun 13 19:50:57 IST 2020":"0:0:0:0.0:0.0:618G"
"Sat Jun 13 20:00:39 IST 2020":"0:0:0:0.0:0.0:618G"
"Sat Jun 13 20:09:52 IST 2020":"0:0:0:0.0:0.0:618G"
"Sat Jun 13 20:18:50 IST 2020":"0:0:0:0.0:0.0:618G"
"Sat Jun 13 20:28:07 IST 2020":"0:0:0:0.0:0.0:618G"
"Sat Jun 13 20:37:06 IST 2020":"0:0:0:0.0:0.0:618G"
"Sat Jun 13 20:46:27 IST 2020":"0:0:0:0.0:0.0:618G"
"Sat Jun 13 20:54:53 IST 2020":"0:0:0:0.0:0.0:618G"
"Sat Jun 13 21:03:18 IST 2020":"0:0:0:0.0:0.0:618G"
"Sat Jun 13 21:12:48 IST 2020":"0:0:0:0.0:0.0:618G"
"Sat Jun 13 21:30:46 IST 2020":"0:0:0:0.0:0.0:618G"
"Sat Jun 13 21:48:54 IST 2020":"0:0:0:0.0:0.0:618G"
"Sat Jun 13 21:59:22 IST 2020":"0:0:0:0.0:0.0:618G"
"Sat Jun 13 22:08:22 IST 2020":"0:0:0:0.0:0.0:618G"
"Sat Jun 13 22:27:21 IST 2020":"0:0:0:0.0:0.0:618G"
"Sat Jun 13 22:36:22 IST 2020":"0:0:0:0.0:0.0:618G"
"Sat Jun 13 22:45:53 IST 2020":"0:0:0:0.0:0.0:618G"
"Sat Jun 13 22:55:19 IST 2020":"0:0:0:0.0:0.0:618G"
"Sat Jun 13 23:04:20 IST 2020":"0:0:0:0.0:0.0:618G"
"Sat Jun 13 23:30:03 IST 2020":"0:0:0:0.0:0.0:618G"
"Sat Jun 13 23:39:37 IST 2020":"0:0:0:0.0:0.0:618G"
"Sat Jun 13 23:48:49 IST 2020":"0:0:0:0.0:0.0:618G"
"Sat Jun 13 23:58:19 IST 2020":"0:0:0:0.0:0.0:618G"
"Sun Jun 14 00:17:09 IST 2020":"0:0:0:0.0:0.0:618G"
"Sun Jun 14 00:54:20 IST 2020":"0:0:0:0.0:0.0:618G"
"Sun Jun 14 01:03:35 IST 2020":"0:0:0:0.0:0.0:618G"
"Sun Jun 14 01:12:31 IST 2020":"0:0:0:0.0:0.0:618G"
"Sun Jun 14 01:21:11 IST 2020":"0:0:0:0.0:0.0:618G"
"Sun Jun 14 01:30:06 IST 2020":"0:0:0:0.0:0.0:618G"
"Sun Jun 14 01:39:09 IST 2020":"0:0:0:0.0:0.0:618G"
"Sun Jun 14 01:58:13 IST 2020":"0:0:0:0.0:0.0:618G"
"Sun Jun 14 02:07:16 IST 2020":"0:0:0:0.0:0.0:618G"
"Sun Jun 14 02:35:30 IST 2020":"0:0:0:0.0:0.0:618G"
"Sun Jun 14 02:45:21 IST 2020":"0:0:0:0.0:0.0:618G"
"Sun Jun 14 02:54:10 IST 2020":"0:0:0:0.0:0.0:618G"
"Sun Jun 14 03:02:55 IST 2020":"0:0:0:0.0:0.0:618G"
"Sun Jun 14 03:12:24 IST 2020":"0:0:0:0.0:0.0:618G"
"Sun Jun 14 03:21:22 IST 2020":"0:0:0:0.0:0.0:618G"
"Sun Jun 14 03:31:18 IST 2020":"0:0:0:0.0:0.0:618G"
"Sun Jun 14 03:48:59 IST 2020":"0:0:0:0.0:0.0:618G"
"Sun Jun 14 03:58:29 IST 2020":"0:0:0:0.0:0.0:618G"
"Sun Jun 14 04:07:12 IST 2020":"0:0:0:0.0:0.0:618G"
"Sun Jun 14 04:16:23 IST 2020":"0:0:0:0.0:0.0:618G"
"Sun Jun 14 04:25:15 IST 2020":"0:0:0:0.0:0.0:618G"
"Sun Jun 14 04:33:55 IST 2020":"0:0:0:0.0:0.0:618G"
"Sun Jun 14 04:43:23 IST 2020":"0:0:0:0.0:0.0:618G"
"Sun Jun 14 04:52:27 IST 2020":"0:0:0:0.0:0.0:618G"
"Sun Jun 14 05:01:32 IST 2020":"0:0:0:0.0:0.0:618G"
"Sun Jun 14 05:10:18 IST 2020":"0:0:0:0.0:0.0:618G"
"Sun Jun 14 05:19:13 IST 2020":"0:0:0:0.0:0.0:618G"
"Sun Jun 14 05:28:07 IST 2020":"0:0:0:0.0:0.0:618G"
"Sun Jun 14 05:37:24 IST 2020":"0:0:0:0.0:0.0:618G"
"Sun Jun 14 05:46:28 IST 2020":"0:0:0:0.0:0.0:618G"
"Sun Jun 14 05:55:46 IST 2020":"0:0:0:0.0:0.0:618G"
"Sun Jun 14 06:04:13 IST 2020":"0:0:0:0.0:0.0:618G"
"Sun Jun 14 06:13:25 IST 2020":"0:0:0:0.0:0.0:618G"
"Sun Jun 14 06:22:37 IST 2020":"0:0:0:0.0:0.0:618G"
"Sun Jun 14 06:49:22 IST 2020":"0:0:0:0.0:0.0:618G"
"Sun Jun 14 06:58:21 IST 2020":"0:0:0:0.0:0.0:618G"
"Sun Jun 14 07:07:58 IST 2020":"0:0:0:0.0:0.0:618G"
"Sun Jun 14 07:17:13 IST 2020":"0:0:0:0.0:0.0:618G"
"Sun Jun 14 07:26:26 IST 2020":"0:0:0:0.0:0.0:618G"
"Sun Jun 14 07:35:10 IST 2020":"0:0:0:0.0:0.0:618G"
"Sun Jun 14 07:44:10 IST 2020":"0:0:0:0.0:0.0:618G"
"Sun Jun 14 07:53:58 IST 2020":"0:0:0:0.0:0.0:618G"
"Sun Jun 14 08:02:24 IST 2020":"0:0:0:0.0:0.0:618G"
"Sun Jun 14 08:12:41 IST 2020":"0:0:0:0.0:0.0:618G"
"Sun Jun 14 08:22:08 IST 2020":"0:0:0:0.0:0.0:618G"
"Sun Jun 14 08:30:55 IST 2020":"0:0:0:0.0:0.0:618G"
"Sun Jun 14 08:40:11 IST 2020":"0:0:0:0.0:0.0:618G"
"Sun Jun 14 08:49:50 IST 2020":"0:0:0:0.0:0.0:618G"
"Sun Jun 14 08:59:48 IST 2020":"0:0:0:0.0:0.0:618G"
"Sun Jun 14 09:08:18 IST 2020":"0:0:0:0.0:0.0:618G"
"Sun Jun 14 09:17:11 IST 2020":"0:0:0:0.0:0.0:618G"
"Sun Jun 14 09:27:05 IST 2020":"0:0:0:0.0:0.0:618G"
"Sun Jun 14 09:36:22 IST 2020":"0:0:0:0.0:0.0:618G"
"Sun Jun 14 09:46:11 IST 2020":"0:0:0:0.0:0.0:618G"
"Sun Jun 14 09:55:39 IST 2020":"0:0:0:0.0:0.0:618G"
"Sun Jun 14 10:04:28 IST 2020":"0:0:0:0.0:0.0:618G"
"Sun Jun 14 10:13:48 IST 2020":"0:0:0:0.0:0.0:618G"
"Sun Jun 14 10:23:46 IST 2020":"0:0:0:0.0:0.0:618G"
"Sun Jun 14 10:33:13 IST 2020":"0:0:0:0.0:0.0:618G"
"Sun Jun 14 10:42:44 IST 2020":"0:0:0:0.0:0.0:618G"
"Sun Jun 14 10:51:28 IST 2020":"0:0:0:0.0:0.0:618G"
"Sun Jun 14 11:00:45 IST 2020":"0:0:0:0.0:0.0:618G"
"Sun Jun 14 11:11:37 IST 2020":"0:0:0:0.0:0.0:618G"
"Sun Jun 14 11:21:06 IST 2020":"0:0:0:0.0:0.0:618G"
"Sun Jun 14 11:30:20 IST 2020":"0:0:0:0.0:0.0:618G"
"Sun Jun 14 11:39:21 IST 2020":"0:0:0:0.0:0.0:618G"
"Sun Jun 14 11:49:39 IST 2020":"0:0:0:0.0:0.0:618G"
"Sun Jun 14 11:59:45 IST 2020":"0:0:0:0.0:0.0:618G"
"Sun Jun 14 12:09:37 IST 2020":"0:0:0:0.0:0.0:618G"
"Sun Jun 14 12:19:29 IST 2020":"0:0:0:0.0:0.0:618G"
"Sun Jun 14 12:29:22 IST 2020":"0:0:0:0.0:0.0:618G"
"Sun Jun 14 12:39:24 IST 2020":"0:0:0:0.0:0.0:618G"
"Sun Jun 14 12:49:13 IST 2020":"0:0:0:0.0:0.0:618G"
"Sun Jun 14 13:17:50 IST 2020":"0:0:0:0.0:0.0:618G"
"Sun Jun 14 13:28:27 IST 2020":"0:0:0:0.0:0.0:618G"
"Sun Jun 14 13:49:34 IST 2020":"0:0:0:0.0:0.0:618G"
"Sun Jun 14 13:59:55 IST 2020":"0:0:0:0.0:0.0:618G"
"Sun Jun 14 14:10:47 IST 2020":"0:0:0:0.0:0.0:618G"
"Sun Jun 14 14:21:06 IST 2020":"0:0:0:0.0:0.0:618G"
"Sun Jun 14 14:32:22 IST 2020":"0:0:0:0.0:0.0:618G"
"Sun Jun 14 14:42:38 IST 2020":"0:0:0:0.0:0.0:618G"
"Sun Jun 14 14:52:39 IST 2020":"0:0:0:0.0:0.0:618G"
"Sun Jun 14 15:02:30 IST 2020":"0:0:0:0.0:0.0:618G"
"Sun Jun 14 15:12:22 IST 2020":"0:0:0:0.0:0.0:618G"
"Sun Jun 14 15:22:11 IST 2020":"0:0:0:0.0:0.0:618G"
"Sun Jun 14 15:32:08 IST 2020":"0:0:0:0.0:0.0:618G"
"Sun Jun 14 15:41:43 IST 2020":"0:0:0:0.0:0.0:618G"
"Sun Jun 14 15:51:41 IST 2020":"0:0:0:0.0:0.0:618G"
"Sun Jun 14 16:01:41 IST 2020":"0:0:0:0.0:0.0:618G"
"Sun Jun 14 16:30:17 IST 2020":"0:0:0:0.0:0.0:618G"
"Sun Jun 14 16:40:51 IST 2020":"0:0:0:0.0:0.0:618G"
"Sun Jun 14 16:50:54 IST 2020":"0:0:0:0.0:0.0:618G"
"Sun Jun 14 17:00:43 IST 2020":"0:0:0:0.0:0.0:618G"
"Sun Jun 14 17:10:36 IST 2020":"0:0:0:0.0:0.0:618G"
"Sun Jun 14 17:20:32 IST 2020":"0:0:0:0.0:0.0:618G"
"Sun Jun 14 17:30:22 IST 2020":"0:0:0:0.0:0.0:618G"
"Sun Jun 14 17:40:18 IST 2020":"0:0:0:0.0:0.0:618G"
"Sun Jun 14 17:50:23 IST 2020":"0:0:0:0.0:0.0:618G"
"Sun Jun 14 18:00:30 IST 2020":"0:0:0:0.0:0.0:618G"
"Sun Jun 14 18:10:40 IST 2020":"0:0:0:0.0:0.0:618G"
"Sun Jun 14 18:21:39 IST 2020":"0:0:0:0.0:0.0:618G"
"Sun Jun 14 18:40:50 IST 2020":"0:0:0:0.0:0.0:618G"
"Sun Jun 14 18:50:50 IST 2020":"0:0:0:0.0:0.0:618G"
"Sun Jun 14 19:00:47 IST 2020":"0:0:0:0.0:0.0:618G"
"Sun Jun 14 19:10:37 IST 2020":"0:0:0:0.0:0.0:618G"
"Sun Jun 14 19:20:21 IST 2020":"0:0:0:0.0:0.0:618G"
"Sun Jun 14 19:29:59 IST 2020":"0:0:0:0.0:0.0:618G"
"Sun Jun 14 19:39:34 IST 2020":"0:0:0:0.0:0.0:618G"
"Sun Jun 14 19:49:28 IST 2020":"0:0:0:0.0:0.0:618G"
"Sun Jun 14 19:59:22 IST 2020":"0:0:0:0.0:0.0:618G"
"Sun Jun 14 20:09:33 IST 2020":"0:0:0:0.0:0.0:618G"
"Sun Jun 14 20:19:29 IST 2020":"0:0:0:0.0:0.0:618G"
"Sun Jun 14 20:29:26 IST 2020":"0:0:0:0.0:0.0:618G"
"Sun Jun 14 20:39:17 IST 2020":"0:0:0:0.0:0.0:618G"
"Sun Jun 14 20:49:44 IST 2020":"0:0:0:0.0:0.0:618G"
"Sun Jun 14 20:59:29 IST 2020":"0:0:0:0.0:0.0:618G"
"Sun Jun 14 21:09:30 IST 2020":"0:0:0:0.0:0.0:618G"
"Sun Jun 14 21:19:26 IST 2020":"0:0:0:0.0:0.0:618G"
"Sun Jun 14 21:29:05 IST 2020":"0:0:0:0.0:0.0:618G"
"Sun Jun 14 21:38:31 IST 2020":"0:0:0:0.0:0.0:618G"
"Sun Jun 14 21:48:28 IST 2020":"0:0:0:0.0:0.0:618G"
"Sun Jun 14 21:58:11 IST 2020":"0:0:0:0.0:0.0:618G"
"Sun Jun 14 22:08:24 IST 2020":"0:0:0:0.0:0.0:618G"
"Sun Jun 14 22:18:21 IST 2020":"0:0:0:0.0:0.0:618G"
"Sun Jun 14 22:28:14 IST 2020":"0:0:0:0.0:0.0:618G"
"Sun Jun 14 22:38:09 IST 2020":"0:0:0:0.0:0.0:618G"
"Sun Jun 14 22:48:15 IST 2020":"0:0:0:0.0:0.0:618G"
"Sun Jun 14 22:58:19 IST 2020":"0:0:0:0.0:0.0:618G"
"Sun Jun 14 23:08:14 IST 2020":"0:0:0:0.0:0.0:618G"
"Sun Jun 14 23:18:09 IST 2020":"0:0:0:0.0:0.0:618G"
"Sun Jun 14 23:37:03 IST 2020":"0:0:0:0.0:0.0:618G"
"Sun Jun 14 23:46:46 IST 2020":"0:0:0:0.0:0.0:618G"
"Sun Jun 14 23:56:46 IST 2020":"0:0:0:0.0:0.0:618G"
"Mon Jun 15 00:06:45 IST 2020":"0:0:0:0.0:0.0:618G"
"Mon Jun 15 00:16:51 IST 2020":"0:0:0:0.0:0.0:618G"
"Mon Jun 15 00:26:38 IST 2020":"0:0:0:0.0:0.0:618G"
"Mon Jun 15 00:36:23 IST 2020":"0:0:0:0.0:0.0:618G"
"Mon Jun 15 00:46:24 IST 2020":"0:0:0:0.0:0.0:618G"
"Mon Jun 15 00:56:03 IST 2020":"0:0:0:0.0:0.0:618G"
"Mon Jun 15 01:05:57 IST 2020":"0:0:0:0.0:0.0:618G"
"Mon Jun 15 01:25:49 IST 2020":"0:0:0:0.0:0.0:618G"
"Mon Jun 15 01:36:40 IST 2020":"0:0:0:0.0:0.0:618G"
"Mon Jun 15 01:46:34 IST 2020":"0:0:0:0.0:0.0:618G"
"Mon Jun 15 01:56:14 IST 2020":"0:0:0:0.0:0.0:618G"
"Mon Jun 15 02:06:01 IST 2020":"0:0:0:0.0:0.0:618G"
"Mon Jun 15 02:16:11 IST 2020":"0:0:0:0.0:0.0:618G"
"Mon Jun 15 02:34:45 IST 2020":"0:0:0:0.0:0.0:618G"
"Mon Jun 15 02:44:31 IST 2020":"0:0:0:0.0:0.0:618G"
"Mon Jun 15 03:03:55 IST 2020":"0:0:0:0.0:0.0:618G"
"Mon Jun 15 03:13:55 IST 2020":"0:0:0:0.0:0.0:618G"
"Mon Jun 15 03:23:43 IST 2020":"0:0:0:0.0:0.0:618G"
"Mon Jun 15 03:33:33 IST 2020":"0:0:0:0.0:0.0:618G"
"Mon Jun 15 03:52:54 IST 2020":"0:0:0:0.0:0.0:618G"
"Mon Jun 15 04:02:54 IST 2020":"0:0:0:0.0:0.0:618G"
"Mon Jun 15 04:13:06 IST 2020":"0:0:0:0.0:0.0:618G"
"Mon Jun 15 04:23:23 IST 2020":"0:0:0:0.0:0.0:618G"
"Mon Jun 15 04:33:19 IST 2020":"0:0:0:0.0:0.0:618G"
"Mon Jun 15 04:43:14 IST 2020":"0:0:0:0.0:0.0:618G"
"Mon Jun 15 04:53:13 IST 2020":"0:0:0:0.0:0.0:618G"
"Mon Jun 15 05:03:07 IST 2020":"0:0:0:0.0:0.0:618G"
"Mon Jun 15 05:13:26 IST 2020":"0:0:0:0.0:0.0:618G"
"Mon Jun 15 05:23:24 IST 2020":"0:0:0:0.0:0.0:618G"
"Mon Jun 15 05:33:36 IST 2020":"0:0:0:0.0:0.0:618G"
"Mon Jun 15 05:44:02 IST 2020":"0:0:0:0.0:0.0:618G"
"Mon Jun 15 05:54:18 IST 2020":"0:0:0:0.0:0.0:618G"
"Mon Jun 15 06:04:19 IST 2020":"0:0:0:0.0:0.0:618G"
"Mon Jun 15 06:14:46 IST 2020":"0:0:0:0.0:0.0:618G"
"Mon Jun 15 06:24:39 IST 2020":"0:0:0:0.0:0.0:618G"
"Mon Jun 15 07:38:43 IST 2020":"0:0:0:0.0:0.0:618G"
"Mon Jun 15 07:48:43 IST 2020":"0:0:0:0.0:0.0:618G"
"Mon Jun 15 07:58:27 IST 2020":"0:0:0:0.0:0.0:618G"
"Mon Jun 15 08:08:17 IST 2020":"0:0:0:0.0:0.0:618G"
"Mon Jun 15 08:18:07 IST 2020":"0:0:0:0.0:0.0:618G"
"Mon Jun 15 08:28:11 IST 2020":"0:0:0:0.0:0.0:618G"
"Mon Jun 15 08:40:08 IST 2020":"0:0:0:0.0:0.0:618G"
"Mon Jun 15 08:50:00 IST 2020":"0:0:0:0.0:0.0:618G"
"Mon Jun 15 08:59:38 IST 2020":"0:0:0:0.0:0.0:618G"
"Mon Jun 15 09:09:44 IST 2020":"0:0:0:0.0:0.0:618G"
"Mon Jun 15 09:20:24 IST 2020":"0:0:0:0.0:0.0:618G"
"Mon Jun 15 09:30:05 IST 2020":"0:0:0:0.0:0.0:618G"
"Mon Jun 15 09:39:45 IST 2020":"0:0:0:0.0:0.0:618G"
"Mon Jun 15 09:49:29 IST 2020":"0:0:0:0.0:0.0:618G"
"Mon Jun 15 09:59:21 IST 2020":"0:0:0:0.0:0.0:618G"
"Mon Jun 15 10:09:38 IST 2020":"0:0:0:0.0:0.0:618G"
"Mon Jun 15 10:19:25 IST 2020":"0:0:0:0.0:0.0:618G"
"Mon Jun 15 10:29:15 IST 2020":"0:0:0:0.0:0.0:618G"
"Mon Jun 15 10:48:21 IST 2020":"0:0:0:0.0:0.0:618G"
"Mon Jun 15 10:58:10 IST 2020":"0:0:0:0.0:0.0:618G"
"Mon Jun 15 11:08:03 IST 2020":"0:0:0:0.0:0.0:618G"
"Mon Jun 15 11:17:51 IST 2020":"0:0:0:0.0:0.0:618G"
"Mon Jun 15 11:27:41 IST 2020":"0:0:0:0.0:0.0:618G"
"Mon Jun 15 11:37:25 IST 2020":"0:0:0:0.0:0.0:618G"
"Mon Jun 15 11:48:42 IST 2020":"0:0:0:0.0:0.0:618G"
"Mon Jun 15 12:08:01 IST 2020":"0:0:0:0.0:0.0:618G"
"Mon Jun 15 12:27:30 IST 2020":"0:0:0:0.0:0.0:618G"
"Mon Jun 15 12:38:08 IST 2020":"0:0:0:0.0:0.0:618G"
"Mon Jun 15 12:57:08 IST 2020":"0:0:0:0.0:0.0:618G"
"Mon Jun 15 13:07:25 IST 2020":"0:0:0:0.0:0.0:618G"
"Mon Jun 15 13:17:30 IST 2020":"0:0:0:0.0:0.0:618G"
"Mon Jun 15 13:27:21 IST 2020":"0:0:0:0.0:0.0:618G"
"Mon Jun 15 13:37:13 IST 2020":"0:0:0:0.0:0.0:618G"
"Mon Jun 15 13:47:05 IST 2020":"0:0:0:0.0:0.0:618G"
"Mon Jun 15 14:07:14 IST 2020":"0:0:0:0.0:0.0:618G"
"Mon Jun 15 14:17:25 IST 2020":"0:0:0:0.0:0.0:618G"
"Mon Jun 15 14:27:14 IST 2020":"0:0:0:0.0:0.0:618G"
"Mon Jun 15 14:37:17 IST 2020":"0:0:0:0.0:0.0:618G"
"Mon Jun 15 14:47:08 IST 2020":"0:0:0:0.0:0.0:618G"
"Mon Jun 15 14:57:13 IST 2020":"0:0:0:0.0:0.0:618G"
"Mon Jun 15 15:07:17 IST 2020":"0:0:0:0.0:0.0:618G"
"Mon Jun 15 15:17:17 IST 2020":"0:0:0:0.0:0.0:618G"
"Mon Jun 15 15:27:09 IST 2020":"0:0:0:0.0:0.0:618G"
"Mon Jun 15 15:36:42 IST 2020":"0:0:0:0.0:0.0:618G"
"Mon Jun 15 15:47:24 IST 2020":"0:0:0:0.0:0.0:618G"
"Mon Jun 15 15:57:13 IST 2020":"0:0:0:0.0:0.0:618G"
"Mon Jun 15 16:07:42 IST 2020":"0:0:0:0.0:0.0:618G"
"Mon Jun 15 16:46:33 IST 2020":"0:0:0:0.0:0.0:618G"
"Mon Jun 15 16:56:22 IST 2020":"0:0:0:0.0:0.0:618G"
"Mon Jun 15 17:06:32 IST 2020":"0:0:0:0.0:0.0:618G"
"Mon Jun 15 17:17:10 IST 2020":"0:0:0:0.0:0.0:618G"
"Mon Jun 15 17:27:07 IST 2020":"0:0:0:0.0:0.0:618G"
"Mon Jun 15 17:36:53 IST 2020":"0:0:0:0.0:0.0:618G"
"Mon Jun 15 18:10:35 IST 2020":"0:0:0:0.0:0.0:618G"
"Mon Jun 15 18:21:35 IST 2020":"0:0:0:0.0:0.0:618G"
"Mon Jun 15 18:31:37 IST 2020":"0:0:0:0.0:0.0:618G"
"Mon Jun 15 18:41:32 IST 2020":"0:0:0:0.0:0.0:618G"
"Mon Jun 15 18:52:22 IST 2020":"0:0:0:0.0:0.0:618G"
"Mon Jun 15 19:02:31 IST 2020":"0:0:0:0.0:0.0:618G"
"Mon Jun 15 19:12:46 IST 2020":"0:0:0:0.0:0.0:618G"
"Mon Jun 15 19:23:13 IST 2020":"0:0:0:0.0:0.0:618G"
"Mon Jun 15 19:36:08 IST 2020":"0:0:0:0.0:0.0:618G"
"Mon Jun 15 19:46:06 IST 2020":"0:0:0:0.0:0.0:618G"
"Mon Jun 15 19:55:56 IST 2020":"0:0:0:0.0:0.0:618G"
"Mon Jun 15 20:07:53 IST 2020":"0:0:0:0.0:0.0:618G"
"Mon Jun 15 20:18:42 IST 2020":"0:0:0:0.0:0.0:618G"
"Mon Jun 15 20:29:36 IST 2020":"0:0:0:0.0:0.0:618G"
"Mon Jun 15 20:39:22 IST 2020":"0:0:0:0.0:0.0:618G"
"Mon Jun 15 20:49:02 IST 2020":"0:0:0:0.0:0.0:618G"
"Mon Jun 15 20:58:44 IST 2020":"0:0:0:0.0:0.0:618G"
"Mon Jun 15 21:02:25 IST 2020":"0:0:0:0.0:0.0:618G"
"Mon Jun 15 21:16:17 IST 2020":"0:0:0:0.0:0.0:618G"
"Mon Jun 15 21:27:38 IST 2020":"0:0:0:0.0:0.0:618G"
"Mon Jun 15 21:37:28 IST 2020":"0:0:0:0.0:0.0:618G"
"Mon Jun 15 21:56:55 IST 2020":"0:0:0:0.0:0.0:618G"
"Mon Jun 15 22:11:42 IST 2020":"0:0:0:0.0:0.0:618G"
"Mon Jun 15 22:22:54 IST 2020":"0:0:0:0.0:0.0:618G"
"Mon Jun 15 22:34:27 IST 2020":"0:0:0:0.0:0.0:618G"
"Mon Jun 15 22:45:20 IST 2020":"0:0:0:0.0:0.0:618G"
"Mon Jun 15 22:56:31 IST 2020":"0:0:0:0.0:0.0:618G"
"Mon Jun 15 23:07:20 IST 2020":"0:0:0:0.0:0.0:618G"
"Mon Jun 15 23:17:49 IST 2020":"0:0:0:0.0:0.0:618G"
"Mon Jun 15 23:28:42 IST 2020":"0:0:0:0.0:0.0:618G"
"Mon Jun 15 23:39:09 IST 2020":"0:0:0:0.0:0.0:618G"
"Mon Jun 15 23:49:02 IST 2020":"0:0:0:0.0:0.0:618G"
"Mon Jun 15 23:59:04 IST 2020":"0:0:0:0.0:0.0:618G"
"Tue Jun 16 00:11:25 IST 2020":"0:0:0:0.0:0.0:618G"
"Tue Jun 16 00:21:26 IST 2020":"0:0:0:0.0:0.0:618G"
"Tue Jun 16 00:31:31 IST 2020":"0:0:0:0.0:0.0:618G"
"Tue Jun 16 00:41:35 IST 2020":"0:0:0:0.0:0.0:618G"
"Tue Jun 16 01:10:51 IST 2020":"0:0:0:0.0:0.0:618G"
"Tue Jun 16 01:22:32 IST 2020":"0:0:0:0.0:0.0:618G"
"Tue Jun 16 01:42:09 IST 2020":"0:0:0:0.0:0.0:618G"
"Tue Jun 16 01:51:53 IST 2020":"0:0:0:0.0:0.0:618G"
"Tue Jun 16 02:01:50 IST 2020":"0:0:0:0.0:0.0:618G"
"Tue Jun 16 02:12:36 IST 2020":"0:0:0:0.0:0.0:618G"
"Tue Jun 16 02:23:16 IST 2020":"0:0:0:0.0:0.0:618G"
"Tue Jun 16 02:33:36 IST 2020":"0:0:0:0.0:0.0:618G"
"Tue Jun 16 02:43:48 IST 2020":"0:0:0:0.0:0.0:618G"
"Tue Jun 16 02:54:02 IST 2020":"0:0:0:0.0:0.0:618G"
"Tue Jun 16 03:04:08 IST 2020":"0:0:0:0.0:0.0:618G"
"Tue Jun 16 03:14:14 IST 2020":"0:0:0:0.0:0.0:618G"
"Tue Jun 16 03:24:01 IST 2020":"0:0:0:0.0:0.0:618G"
"Tue Jun 16 03:34:20 IST 2020":"0:0:0:0.0:0.0:618G"
"Tue Jun 16 03:44:50 IST 2020":"0:0:0:0.0:0.0:618G"
"Tue Jun 16 03:54:46 IST 2020":"0:0:0:0.0:0.0:618G"
"Tue Jun 16 04:04:46 IST 2020":"0:0:0:0.0:0.0:618G"
"Tue Jun 16 04:15:27 IST 2020":"0:0:0:0.0:0.0:618G"
"Tue Jun 16 04:26:00 IST 2020":"0:0:0:0.0:0.0:618G"
"Tue Jun 16 04:36:07 IST 2020":"0:0:0:0.0:0.0:618G"
"Tue Jun 16 04:46:12 IST 2020":"0:0:0:0.0:0.0:618G"
"Tue Jun 16 04:56:09 IST 2020":"0:0:0:0.0:0.0:618G"
"Tue Jun 16 05:06:17 IST 2020":"0:0:0:0.0:0.0:618G"
"Tue Jun 16 05:16:49 IST 2020":"0:0:0:0.0:0.0:618G"
"Tue Jun 16 05:27:06 IST 2020":"0:0:0:0.0:0.0:618G"
"Tue Jun 16 05:37:31 IST 2020":"0:0:0:0.0:0.0:618G"
"Tue Jun 16 05:47:29 IST 2020":"0:0:0:0.0:0.0:618G"
"Tue Jun 16 05:57:36 IST 2020":"0:0:0:0.0:0.0:618G"
"Tue Jun 16 06:08:13 IST 2020":"0:0:0:0.0:0.0:618G"
"Tue Jun 16 06:26:45 IST 2020":"0:0:0:0.0:0.0:618G"
"Tue Jun 16 06:36:52 IST 2020":"0:0:0:0.0:0.0:618G"
"Tue Jun 16 06:47:43 IST 2020":"0:0:0:0.0:0.0:618G"
"Tue Jun 16 06:57:39 IST 2020":"0:0:0:0.0:0.0:618G"
"Tue Jun 16 07:08:03 IST 2020":"0:0:0:0.0:0.0:618G"
"Tue Jun 16 07:18:21 IST 2020":"0:0:0:0.0:0.0:618G"
"Tue Jun 16 07:29:55 IST 2020":"0:0:0:0.0:0.0:618G"
"Tue Jun 16 07:40:12 IST 2020":"0:0:0:0.0:0.0:618G"
"Tue Jun 16 07:50:03 IST 2020":"0:0:0:0.0:0.0:618G"
"Tue Jun 16 07:59:46 IST 2020":"0:0:0:0.0:0.0:618G"
"Tue Jun 16 08:10:28 IST 2020":"0:0:0:0.0:0.0:618G"
"Tue Jun 16 08:20:26 IST 2020":"0:0:0:0.0:0.0:618G"
"Tue Jun 16 08:30:38 IST 2020":"0:0:0:0.0:0.0:618G"
"Tue Jun 16 08:40:52 IST 2020":"0:0:0:0.0:0.0:618G"
"Tue Jun 16 08:50:50 IST 2020":"0:0:0:0.0:0.0:618G"
"Tue Jun 16 09:00:41 IST 2020":"0:0:0:0.0:0.0:618G"
"Tue Jun 16 09:11:02 IST 2020":"0:0:0:0.0:0.0:618G"
"Tue Jun 16 09:20:51 IST 2020":"0:0:0:0.0:0.0:618G"
"Tue Jun 16 09:30:43 IST 2020":"0:0:0:0.0:0.0:618G"
"Tue Jun 16 09:40:33 IST 2020":"0:0:0:0.0:0.0:618G"
"Tue Jun 16 09:50:22 IST 2020":"0:0:0:0.0:0.0:618G"
"Tue Jun 16 10:01:35 IST 2020":"0:0:0:0.0:0.0:618G"
"Tue Jun 16 10:12:00 IST 2020":"0:0:0:0.0:0.0:618G"
"Tue Jun 16 10:21:46 IST 2020":"0:0:0:0.0:0.0:618G"
"Tue Jun 16 10:31:41 IST 2020":"0:0:0:0.0:0.0:618G"
"Tue Jun 16 10:41:39 IST 2020":"0:0:0:0.0:0.0:618G"
"Tue Jun 16 10:45:16 IST 2020":"0:0:0:0.0:0.0:618G"
"Tue Jun 16 11:00:18 IST 2020":"0:0:0:0.0:0.0:618G"
"Tue Jun 16 11:11:10 IST 2020":"0:0:0:0.0:0.0:618G"
"Tue Jun 16 11:21:00 IST 2020":"0:0:0:0.0:0.0:618G"
"Tue Jun 16 11:30:55 IST 2020":"0:0:0:0.0:0.0:618G"
"Tue Jun 16 11:42:19 IST 2020":"0:0:0:0.0:0.0:618G"
"Tue Jun 16 12:12:34 IST 2020":"0:0:0:0.0:0.0:618G"
"Tue Jun 16 12:22:32 IST 2020":"0:0:0:0.0:0.0:618G"
"Tue Jun 16 13:10:33 IST 2020":"0:0:0:0.0:0.0:618G"
"Tue Jun 16 13:20:27 IST 2020":"0:0:0:0.0:0.0:618G"
"Tue Jun 16 13:30:16 IST 2020":"0:0:0:0.0:0.0:618G"
"Tue Jun 16 13:40:10 IST 2020":"0:0:0:0.0:0.0:618G"
"Tue Jun 16 13:50:19 IST 2020":"0:0:0:0.0:0.0:618G"
"Tue Jun 16 14:02:29 IST 2020":"0:0:0:0.0:0.0:618G"
"Tue Jun 16 14:21:22 IST 2020":"0:0:0:0.0:0.0:618G"
"Tue Jun 16 14:31:18 IST 2020":"0:0:0:0.0:0.0:618G"
"Tue Jun 16 14:52:18 IST 2020":"0:0:0:0.0:0.0:618G"
"Tue Jun 16 15:02:06 IST 2020":"0:0:0:0.0:0.0:618G"
"Tue Jun 16 15:21:44 IST 2020":"0:0:0:0.0:0.0:618G"
"Tue Jun 16 15:25:27 IST 2020":"0:0:0:0.0:0.0:618G"
"Tue Jun 16 15:41:12 IST 2020":"0:0:0:0.0:0.0:618G"
"Tue Jun 16 15:51:20 IST 2020":"0:0:0:0.0:0.0:618G"
"Tue Jun 16 16:01:15 IST 2020":"0:0:0:0.0:0.0:618G"
"Tue Jun 16 16:11:06 IST 2020":"0:0:0:0.0:0.0:618G"
"Tue Jun 16 16:31:30 IST 2020":"0:0:0:0.0:0.0:618G"
"Tue Jun 16 16:41:20 IST 2020":"0:0:0:0.0:0.0:618G"
"Tue Jun 16 16:51:14 IST 2020":"0:0:0:0.0:0.0:618G"
"Tue Jun 16 17:01:00 IST 2020":"0:0:0:0.0:0.0:618G"
"Tue Jun 16 17:11:06 IST 2020":"0:0:0:0.0:0.0:618G"
"Tue Jun 16 17:20:45 IST 2020":"0:0:0:0.0:0.0:618G"
"Tue Jun 16 17:30:33 IST 2020":"0:0:0:0.0:0.0:618G"
"Tue Jun 16 17:40:15 IST 2020":"0:0:0:0.0:0.0:618G"
"Tue Jun 16 17:51:19 IST 2020":"0:0:0:0.0:0.0:618G"
"Tue Jun 16 18:10:20 IST 2020":"0:0:0:0.0:0.0:618G"
"Tue Jun 16 18:20:17 IST 2020":"0:0:0:0.0:0.0:618G"
"Tue Jun 16 18:30:11 IST 2020":"0:0:0:0.0:0.0:618G"
"Tue Jun 16 18:39:47 IST 2020":"0:0:0:0.0:0.0:618G"
"Tue Jun 16 18:49:45 IST 2020":"0:0:0:0.0:0.0:618G"
"Tue Jun 16 18:59:42 IST 2020":"0:0:0:0.0:0.0:618G"
"Tue Jun 16 19:09:34 IST 2020":"0:0:0:0.0:0.0:618G"
"Tue Jun 16 19:19:22 IST 2020":"0:0:0:0.0:0.0:618G"
"Tue Jun 16 19:29:00 IST 2020":"0:0:0:0.0:0.0:618G"
"Tue Jun 16 19:38:34 IST 2020":"0:0:0:0.0:0.0:618G"
"Tue Jun 16 19:48:25 IST 2020":"0:0:0:0.0:0.0:618G"
"Tue Jun 16 19:58:10 IST 2020":"0:0:0:0.0:0.0:618G"
"Tue Jun 16 20:08:02 IST 2020":"0:0:0:0.0:0.0:618G"
"Tue Jun 16 20:19:37 IST 2020":"0:0:0:0.0:0.0:618G"
"Tue Jun 16 20:29:24 IST 2020":"0:0:0:0.0:0.0:618G"
"Tue Jun 16 20:39:00 IST 2020":"0:0:0:0.0:0.0:618G"
"Tue Jun 16 20:48:44 IST 2020":"0:0:0:0.0:0.0:618G"
"Tue Jun 16 20:58:25 IST 2020":"0:0:0:0.0:0.0:618G"
"Tue Jun 16 21:09:31 IST 2020":"0:0:0:0.0:0.0:618G"
"Tue Jun 16 21:19:11 IST 2020":"0:0:0:0.0:0.0:618G"
"Tue Jun 16 21:28:50 IST 2020":"0:0:0:0.0:0.0:618G"
"Tue Jun 16 21:32:25 IST 2020":"0:0:0:0.0:0.0:618G"
"Tue Jun 16 21:48:16 IST 2020":"0:0:0:0.0:0.0:618G"
"Tue Jun 16 21:58:34 IST 2020":"0:0:0:0.0:0.0:618G"
"Tue Jun 16 22:17:13 IST 2020":"0:0:0:0.0:0.0:618G"
"Tue Jun 16 22:33:50 IST 2020":"0:0:0:0.0:0.0:618G"
"Tue Jun 16 22:44:29 IST 2020":"0:0:0:0.0:0.0:618G"
"Tue Jun 16 22:54:35 IST 2020":"0:0:0:0.0:0.0:618G"
"Tue Jun 16 23:05:11 IST 2020":"0:0:0:0.0:0.0:618G"
"Tue Jun 16 23:15:10 IST 2020":"0:0:0:0.0:0.0:618G"
"Tue Jun 16 23:25:03 IST 2020":"0:0:0:0.0:0.0:618G"
"Tue Jun 16 23:35:07 IST 2020":"0:0:0:0.0:0.0:618G"
"Tue Jun 16 23:44:57 IST 2020":"0:0:0:0.0:0.0:618G"
"Tue Jun 16 23:54:55 IST 2020":"0:0:0:0.0:0.0:618G"
"Wed Jun 17 00:05:24 IST 2020":"0:0:0:0.0:0.0:618G"
"Wed Jun 17 00:15:28 IST 2020":"0:0:0:0.0:0.0:618G"
"Wed Jun 17 00:25:31 IST 2020":"0:0:0:0.0:0.0:618G"
"Wed Jun 17 00:35:34 IST 2020":"0:0:0:0.0:0.0:618G"
"Wed Jun 17 00:45:27 IST 2020":"0:0:0:0.0:0.0:618G"
"Wed Jun 17 00:55:39 IST 2020":"0:0:0:0.0:0.0:618G"
"Wed Jun 17 01:05:49 IST 2020":"0:0:0:0.0:0.0:618G"
"Wed Jun 17 01:23:53 IST 2020":"0:0:0:0.0:0.0:618G"
"Wed Jun 17 01:33:31 IST 2020":"0:0:0:0.0:0.0:618G"
"Wed Jun 17 01:43:19 IST 2020":"0:0:0:0.0:0.0:618G"
"Wed Jun 17 02:19:28 IST 2020":"0:0:0:0.0:0.0:618G"
"Wed Jun 17 02:29:34 IST 2020":"0:0:0:0.0:0.0:618G"
"Wed Jun 17 02:39:40 IST 2020":"0:0:0:0.0:0.0:618G"
"Wed Jun 17 02:49:37 IST 2020":"0:0:0:0.0:0.0:618G"
"Wed Jun 17 02:59:22 IST 2020":"0:0:0:0.0:0.0:618G"
"Wed Jun 17 03:09:05 IST 2020":"0:0:0:0.0:0.0:618G"
"Wed Jun 17 03:29:06 IST 2020":"0:0:0:0.0:0.0:618G"
"Wed Jun 17 03:39:27 IST 2020":"0:0:0:0.0:0.0:618G"
"Wed Jun 17 03:49:27 IST 2020":"0:0:0:0.0:0.0:618G"
"Wed Jun 17 03:59:03 IST 2020":"0:0:0:0.0:0.0:618G"
"Wed Jun 17 04:08:55 IST 2020":"0:0:0:0.0:0.0:618G"
"Wed Jun 17 04:19:47 IST 2020":"0:0:0:0.0:0.0:618G"
"Wed Jun 17 04:30:19 IST 2020":"0:0:0:0.0:0.0:618G"
"Wed Jun 17 04:40:13 IST 2020":"0:0:0:0.0:0.0:618G"
"Wed Jun 17 04:50:07 IST 2020":"0:0:0:0.0:0.0:618G"
"Wed Jun 17 05:00:09 IST 2020":"0:0:0:0.0:0.0:618G"
"Wed Jun 17 05:10:19 IST 2020":"0:0:0:0.0:0.0:618G"
"Wed Jun 17 05:20:21 IST 2020":"0:0:0:0.0:0.0:618G"
"Wed Jun 17 05:30:22 IST 2020":"0:0:0:0.0:0.0:618G"
"Wed Jun 17 05:40:35 IST 2020":"0:0:0:0.0:0.0:618G"
"Wed Jun 17 05:51:50 IST 2020":"0:0:0:0.0:0.0:618G"
"Wed Jun 17 06:01:46 IST 2020":"0:0:0:0.0:0.0:618G"
"Wed Jun 17 06:11:50 IST 2020":"0:0:0:0.0:0.0:618G"
"Wed Jun 17 06:22:02 IST 2020":"0:0:0:0.0:0.0:618G"
"Wed Jun 17 06:32:27 IST 2020":"0:0:0:0.0:0.0:618G"
"Wed Jun 17 06:43:16 IST 2020":"0:0:0:0.0:0.0:618G"
"Wed Jun 17 06:53:06 IST 2020":"0:0:0:0.0:0.0:618G"
"Wed Jun 17 07:22:27 IST 2020":"0:0:0:0.0:0.0:618G"
"Wed Jun 17 07:31:58 IST 2020":"0:0:0:0.0:0.0:618G"
"Wed Jun 17 07:40:48 IST 2020":"0:0:0:0.0:0.0:618G"
"Wed Jun 17 07:49:41 IST 2020":"0:0:0:0.0:0.0:618G"
"Wed Jun 17 07:58:41 IST 2020":"0:0:0:0.0:0.0:618G"
"Wed Jun 17 08:07:32 IST 2020":"0:0:0:0.0:0.0:618G"
"Wed Jun 17 08:18:39 IST 2020":"0:0:0:0.0:0.0:618G"
"Wed Jun 17 08:27:37 IST 2020":"0:0:0:0.0:0.0:618G"
"Wed Jun 17 08:36:28 IST 2020":"0:0:0:0.0:0.0:618G"
"Wed Jun 17 08:45:42 IST 2020":"0:0:0:0.0:0.0:618G"
"Wed Jun 17 08:55:42 IST 2020":"0:0:0:0.0:0.0:618G"
"Wed Jun 17 09:05:20 IST 2020":"0:0:0:0.0:0.0:618G"
"Wed Jun 17 09:14:12 IST 2020":"0:0:0:0.0:0.0:618G"
"Wed Jun 17 09:23:09 IST 2020":"0:0:0:0.0:0.0:618G"
"Wed Jun 17 09:32:25 IST 2020":"0:0:0:0.0:0.0:618G"
"Wed Jun 17 09:41:35 IST 2020":"0:0:0:0.0:0.0:618G"
"Wed Jun 17 09:59:13 IST 2020":"0:0:0:0.0:0.0:618G"
"Wed Jun 17 10:08:05 IST 2020":"0:0:0:0.0:0.0:618G"
"Wed Jun 17 10:17:23 IST 2020":"0:0:0:0.0:0.0:618G"
"Wed Jun 17 10:26:50 IST 2020":"0:0:0:0.0:0.0:618G"
"Wed Jun 17 10:36:28 IST 2020":"0:0:0:0.0:0.0:618G"
"Wed Jun 17 10:45:26 IST 2020":"0:0:0:0.0:0.0:618G"
"Wed Jun 17 10:54:23 IST 2020":"0:0:0:0.0:0.0:618G"
"Wed Jun 17 11:12:55 IST 2020":"0:0:0:0.0:0.0:618G"
"Wed Jun 17 11:24:19 IST 2020":"0:0:0:0.0:0.0:618G"
"Wed Jun 17 11:32:53 IST 2020":"0:0:0:0.0:0.0:618G"
"Wed Jun 17 11:50:43 IST 2020":"0:0:0:0.0:0.0:618G"
"Wed Jun 17 12:00:14 IST 2020":"0:0:0:0.0:0.0:618G"
"Wed Jun 17 12:10:19 IST 2020":"0:0:0:0.0:0.0:618G"
"Wed Jun 17 12:27:50 IST 2020":"0:0:0:0.0:0.0:618G"
"Wed Jun 17 12:46:00 IST 2020":"0:0:0:0.0:0.0:618G"
"Wed Jun 17 13:05:08 IST 2020":"0:0:0:0.0:0.0:618G"
"Wed Jun 17 13:13:47 IST 2020":"0:0:0:0.0:0.0:618G"
"Wed Jun 17 13:22:30 IST 2020":"0:0:0:0.0:0.0:618G"
"Wed Jun 17 13:31:53 IST 2020":"0:0:0:0.0:0.0:618G"
"Wed Jun 17 13:52:44 IST 2020":"0:0:0:0.0:0.0:618G"
"Wed Jun 17 14:01:18 IST 2020":"0:0:0:0.0:0.0:618G"
"Wed Jun 17 14:10:39 IST 2020":"0:0:0:0.0:0.0:618G"
"Wed Jun 17 14:19:39 IST 2020":"0:0:0:0.0:0.0:618G"
"Wed Jun 17 14:30:19 IST 2020":"0:0:0:0.0:0.0:618G"
"Wed Jun 17 14:40:21 IST 2020":"0:0:0:0.0:0.0:618G"
"Wed Jun 17 14:48:56 IST 2020":"0:0:0:0.0:0.0:618G"
"Wed Jun 17 14:58:01 IST 2020":"0:0:0:0.0:0.0:618G"
"Wed Jun 17 15:07:46 IST 2020":"0:0:0:0.0:0.0:618G"
"Wed Jun 17 15:18:51 IST 2020":"0:0:0:0.0:0.0:618G"
"Wed Jun 17 15:31:27 IST 2020":"0:0:0:0.0:0.0:618G"
"Wed Jun 17 15:39:53 IST 2020":"0:0:0:0.0:0.0:618G"
"Wed Jun 17 15:48:47 IST 2020":"0:0:0:0.0:0.0:618G"
"Wed Jun 17 15:57:57 IST 2020":"0:0:0:0.0:0.0:618G"
"Wed Jun 17 16:09:07 IST 2020":"0:0:0:0.0:0.0:618G"
"Wed Jun 17 16:18:22 IST 2020":"0:0:0:0.0:0.0:618G"
"Wed Jun 17 16:26:55 IST 2020":"0:0:0:0.0:0.0:618G"
"Wed Jun 17 16:36:04 IST 2020":"0:0:0:0.0:0.0:618G"
"Wed Jun 17 16:45:32 IST 2020":"0:0:0:0.0:0.0:618G"
"Wed Jun 17 16:55:17 IST 2020":"0:0:0:0.0:0.0:618G"
"Wed Jun 17 17:04:48 IST 2020":"0:0:0:0.0:0.0:618G"
"Wed Jun 17 17:13:37 IST 2020":"0:0:0:0.0:0.0:618G"
"Wed Jun 17 17:22:13 IST 2020":"0:0:0:0.0:0.0:618G"
"Wed Jun 17 17:30:39 IST 2020":"0:0:0:0.0:0.0:618G"
"Wed Jun 17 17:39:54 IST 2020":"0:0:0:0.0:0.0:618G"
"Wed Jun 17 17:59:30 IST 2020":"0:0:0:0.0:0.0:618G"
"Wed Jun 17 18:08:10 IST 2020":"0:0:0:0.0:0.0:618G"
"Wed Jun 17 18:17:20 IST 2020":"0:0:0:0.0:0.0:618G"
"Wed Jun 17 18:27:01 IST 2020":"0:0:0:0.0:0.0:618G"
"Wed Jun 17 18:37:13 IST 2020":"0:0:0:0.0:0.0:618G"
"Wed Jun 17 18:46:01 IST 2020":"0:0:0:0.0:0.0:618G"
"Wed Jun 17 18:54:58 IST 2020":"0:0:0:0.0:0.0:618G"
"Wed Jun 17 19:04:09 IST 2020":"0:0:0:0.0:0.0:618G"
"Wed Jun 17 19:13:56 IST 2020":"0:0:0:0.0:0.0:618G"
"Wed Jun 17 19:24:37 IST 2020":"0:0:0:0.0:0.0:618G"
"Wed Jun 17 19:33:09 IST 2020":"0:0:0:0.0:0.0:618G"
"Wed Jun 17 19:42:10 IST 2020":"0:0:0:0.0:0.0:618G"
"Wed Jun 17 19:51:11 IST 2020":"0:0:0:0.0:0.0:618G"
"Wed Jun 17 20:00:35 IST 2020":"0:0:0:0.0:0.0:618G"
"Wed Jun 17 20:11:48 IST 2020":"0:0:0:0.0:0.0:618G"
"Wed Jun 17 20:28:59 IST 2020":"0:0:0:0.0:0.0:618G"
"Wed Jun 17 20:38:02 IST 2020":"0:0:0:0.0:0.0:618G"
"Wed Jun 17 20:46:26 IST 2020":"0:0:0:0.0:0.0:618G"
"Wed Jun 17 20:56:26 IST 2020":"0:0:0:0.0:0.0:618G"
"Wed Jun 17 21:04:50 IST 2020":"0:0:0:0.0:0.0:618G"
"Wed Jun 17 21:13:24 IST 2020":"0:0:0:0.0:0.0:618G"
"Wed Jun 17 21:22:31 IST 2020":"0:0:0:0.0:0.0:618G"
"Wed Jun 17 21:31:51 IST 2020":"0:0:0:0.0:0.0:618G"
"Wed Jun 17 21:41:18 IST 2020":"0:0:0:0.0:0.0:618G"
"Wed Jun 17 21:49:45 IST 2020":"0:0:0:0.0:0.0:618G"
"Wed Jun 17 21:58:11 IST 2020":"0:0:0:0.0:0.0:618G"
"Wed Jun 17 22:06:46 IST 2020":"0:0:0:0.0:0.0:618G"
"Wed Jun 17 22:25:45 IST 2020":"0:0:0:0.0:0.0:618G"
"Wed Jun 17 22:35:31 IST 2020":"0:0:0:0.0:0.0:618G"
"Wed Jun 17 22:44:42 IST 2020":"0:0:0:0.0:0.0:618G"
"Wed Jun 17 22:54:43 IST 2020":"0:0:0:0.0:0.0:618G"
"Wed Jun 17 23:04:57 IST 2020":"0:0:0:0.0:0.0:618G"
"Wed Jun 17 23:15:08 IST 2020":"0:0:0:0.0:0.0:618G"
"Wed Jun 17 23:23:35 IST 2020":"0:0:0:0.0:0.0:618G"
"Wed Jun 17 23:32:13 IST 2020":"0:0:0:0.0:0.0:618G"
"Wed Jun 17 23:40:49 IST 2020":"0:0:0:0.0:0.0:618G"
"Wed Jun 17 23:50:17 IST 2020":"0:0:0:0.0:0.0:618G"
"Wed Jun 17 23:59:16 IST 2020":"0:0:0:0.0:0.0:618G"
"Thu Jun 18 00:09:43 IST 2020":"0:0:0:0.0:0.0:618G"
"Thu Jun 18 00:37:33 IST 2020":"0:0:0:0.0:0.0:618G"
"Thu Jun 18 00:48:01 IST 2020":"0:0:0:0.0:0.0:618G"
"Thu Jun 18 00:57:48 IST 2020":"0:0:0:0.0:0.0:618G"
"Thu Jun 18 01:06:31 IST 2020":"0:0:0:0.0:0.0:618G"
"Thu Jun 18 01:24:14 IST 2020":"0:0:0:0.0:0.0:618G"
"Thu Jun 18 01:34:51 IST 2020":"0:0:0:0.0:0.0:618G"
"Thu Jun 18 01:45:10 IST 2020":"0:0:0:0.0:0.0:618G"
"Thu Jun 18 01:53:38 IST 2020":"0:0:0:0.0:0.0:618G"
"Thu Jun 18 02:02:04 IST 2020":"0:0:0:0.0:0.0:618G"
"Thu Jun 18 02:21:38 IST 2020":"0:0:0:0.0:0.0:618G"
"Thu Jun 18 02:31:42 IST 2020":"0:0:0:0.0:0.0:618G"
"Thu Jun 18 02:40:19 IST 2020":"0:0:0:0.0:0.0:618G"
"Thu Jun 18 02:48:57 IST 2020":"0:0:0:0.0:0.0:618G"
"Thu Jun 18 02:57:21 IST 2020":"0:0:0:0.0:0.0:618G"
"Thu Jun 18 03:06:10 IST 2020":"0:0:0:0.0:0.0:618G"
"Thu Jun 18 03:15:53 IST 2020":"0:0:0:0.0:0.0:618G"
"Thu Jun 18 03:25:03 IST 2020":"0:0:0:0.0:0.0:618G"
"Thu Jun 18 03:42:17 IST 2020":"0:0:0:0.0:0.0:618G"
"Thu Jun 18 03:51:23 IST 2020":"0:0:0:0.0:0.0:618G"
"Thu Jun 18 04:00:38 IST 2020":"0:0:0:0.0:0.0:618G"
"Thu Jun 18 04:11:08 IST 2020":"0:0:0:0.0:0.0:618G"
"Thu Jun 18 04:21:12 IST 2020":"0:0:0:0.0:0.0:618G"
"Thu Jun 18 04:31:06 IST 2020":"0:0:0:0.0:0.0:618G"
"Thu Jun 18 04:40:36 IST 2020":"0:0:0:0.0:0.0:618G"
"Thu Jun 18 04:50:57 IST 2020":"0:0:0:0.0:0.0:618G"
"Thu Jun 18 05:00:56 IST 2020":"0:0:0:0.0:0.0:618G"
"Thu Jun 18 05:09:42 IST 2020":"0:0:0:0.0:0.0:618G"
"Thu Jun 18 05:18:44 IST 2020":"0:0:0:0.0:0.0:618G"
"Thu Jun 18 05:28:00 IST 2020":"0:0:0:0.0:0.0:618G"
"Thu Jun 18 05:38:09 IST 2020":"0:0:0:0.0:0.0:618G"
"Thu Jun 18 05:48:01 IST 2020":"0:0:0:0.0:0.0:618G"
"Thu Jun 18 05:56:39 IST 2020":"0:0:0:0.0:0.0:618G"
"Thu Jun 18 06:05:34 IST 2020":"0:0:0:0.0:0.0:618G"
"Thu Jun 18 06:14:58 IST 2020":"0:0:0:0.0:0.0:618G"
"Thu Jun 18 06:25:28 IST 2020":"0:0:0:0.0:0.0:618G"
"Thu Jun 18 06:35:21 IST 2020":"0:0:0:0.0:0.0:618G"
"Thu Jun 18 06:44:27 IST 2020":"0:0:0:0.0:0.0:618G"
"Thu Jun 18 06:54:27 IST 2020":"0:0:0:0.0:0.0:618G"
"Thu Jun 18 07:06:08 IST 2020":"0:0:0:0.0:0.0:618G"
"Thu Jun 18 07:18:18 IST 2020":"0:0:0:0.0:0.0:618G"
"Thu Jun 18 07:27:38 IST 2020":"0:0:0:0.0:0.0:618G"
"Thu Jun 18 07:36:57 IST 2020":"0:0:0:0.0:0.0:618G"
"Thu Jun 18 07:46:42 IST 2020":"0:0:0:0.0:0.0:618G"
"Thu Jun 18 07:55:35 IST 2020":"0:0:0:0.0:0.0:618G"
"Thu Jun 18 08:16:14 IST 2020":"0:0:0:0.0:0.0:618G"
"Thu Jun 18 08:25:16 IST 2020":"0:0:0:0.0:0.0:618G"
"Thu Jun 18 08:34:02 IST 2020":"0:0:0:0.0:0.0:618G"
"Thu Jun 18 08:44:45 IST 2020":"0:0:0:0.0:0.0:618G"
"Thu Jun 18 08:53:17 IST 2020":"0:0:0:0.0:0.0:618G"
"Thu Jun 18 09:11:12 IST 2020":"0:0:0:0.0:0.0:618G"
"Thu Jun 18 09:20:28 IST 2020":"0:0:0:0.0:0.0:618G"
"Thu Jun 18 09:41:44 IST 2020":"0:0:0:0.0:0.0:618G"
"Thu Jun 18 09:50:27 IST 2020":"0:0:0:0.0:0.0:618G"
"Thu Jun 18 09:59:49 IST 2020":"0:0:0:0.0:0.0:618G"
"Thu Jun 18 10:09:17 IST 2020":"0:0:0:0.0:0.0:618G"
"Thu Jun 18 10:21:58 IST 2020":"0:0:0:0.0:0.0:618G"
"Thu Jun 18 10:31:32 IST 2020":"0:0:0:0.0:0.0:618G"
"Thu Jun 18 10:49:42 IST 2020":"0:0:0:0.0:0.0:618G"
"Thu Jun 18 10:59:05 IST 2020":"0:0:0:0.0:0.0:618G"
"Thu Jun 18 11:10:32 IST 2020":"0:0:0:0.0:0.0:618G"
"Thu Jun 18 11:19:19 IST 2020":"0:0:0:0.0:0.0:618G"
"Thu Jun 18 11:27:57 IST 2020":"0:0:0:0.0:0.0:618G"
"Thu Jun 18 11:36:46 IST 2020":"0:0:0:0.0:0.0:618G"
"Thu Jun 18 11:46:08 IST 2020":"0:0:0:0.0:0.0:618G"
"Thu Jun 18 11:56:16 IST 2020":"0:0:0:0.0:0.0:618G"
"Thu Jun 18 12:06:10 IST 2020":"0:0:0:0.0:0.0:618G"
"Thu Jun 18 12:14:56 IST 2020":"0:0:0:0.0:0.0:618G"
"Thu Jun 18 12:24:48 IST 2020":"0:0:0:0.0:0.0:618G"
"Thu Jun 18 12:44:36 IST 2020":"0:0:0:0.0:0.0:618G"
"Thu Jun 18 12:54:24 IST 2020":"0:0:0:0.0:0.0:618G"
"Thu Jun 18 13:13:08 IST 2020":"0:0:0:0.0:0.0:618G"
"Thu Jun 18 13:23:13 IST 2020":"0:0:0:0.0:0.0:618G"
"Thu Jun 18 13:33:41 IST 2020":"0:0:0:0.0:0.0:618G"
"Thu Jun 18 13:43:33 IST 2020":"0:0:0:0.0:0.0:618G"
"Thu Jun 18 13:53:22 IST 2020":"0:0:0:0.0:0.0:618G"
"Thu Jun 18 14:03:14 IST 2020":"0:0:0:0.0:0.0:618G"
"Thu Jun 18 14:13:25 IST 2020":"0:0:0:0.0:0.0:618G"
"Thu Jun 18 14:23:27 IST 2020":"0:0:0:0.0:0.0:618G"
"Thu Jun 18 14:33:14 IST 2020":"0:0:0:0.0:0.0:618G"
"Thu Jun 18 14:43:05 IST 2020":"0:0:0:0.0:0.0:618G"
"Thu Jun 18 14:53:08 IST 2020":"0:0:0:0.0:0.0:618G"
"Thu Jun 18 15:02:57 IST 2020":"0:0:0:0.0:0.0:618G"
"Thu Jun 18 15:13:25 IST 2020":"0:0:0:0.0:0.0:618G"
"Thu Jun 18 15:23:15 IST 2020":"0:0:0:0.0:0.0:618G"
"Thu Jun 18 15:33:13 IST 2020":"0:0:0:0.0:0.0:618G"
"Thu Jun 18 15:42:55 IST 2020":"0:0:0:0.0:0.0:618G"
"Thu Jun 18 15:52:44 IST 2020":"0:0:0:0.0:0.0:618G"
"Thu Jun 18 16:03:24 IST 2020":"0:0:0:0.0:0.0:618G"
"Thu Jun 18 16:13:23 IST 2020":"0:0:0:0.0:0.0:618G"
"Thu Jun 18 16:23:18 IST 2020":"0:0:0:0.0:0.0:618G"
"Thu Jun 18 16:33:18 IST 2020":"0:0:0:0.0:0.0:618G"
"Thu Jun 18 16:43:10 IST 2020":"0:0:0:0.0:0.0:618G"
"Thu Jun 18 16:53:12 IST 2020":"0:0:0:0.0:0.0:618G"
"Thu Jun 18 17:03:04 IST 2020":"0:0:0:0.0:0.0:618G"
"Thu Jun 18 17:13:12 IST 2020":"0:0:0:0.0:0.0:618G"
"Thu Jun 18 17:23:05 IST 2020":"0:0:0:0.0:0.0:618G"
"Thu Jun 18 17:43:40 IST 2020":"0:0:0:0.0:0.0:618G"
"Thu Jun 18 18:12:51 IST 2020":"0:0:0:0.0:0.0:618G"
"Thu Jun 18 18:24:58 IST 2020":"0:0:0:0.0:0.0:618G"
"Thu Jun 18 18:34:39 IST 2020":"0:0:0:0.0:0.0:618G"
"Thu Jun 18 18:44:34 IST 2020":"0:0:0:0.0:0.0:618G"
"Thu Jun 18 18:54:17 IST 2020":"0:0:0:0.0:0.0:618G"
"Thu Jun 18 19:03:58 IST 2020":"0:0:0:0.0:0.0:618G"
"Thu Jun 18 19:14:48 IST 2020":"0:0:0:0.0:0.0:618G"
"Thu Jun 18 19:24:41 IST 2020":"0:0:0:0.0:0.0:618G"
"Thu Jun 18 19:43:57 IST 2020":"0:0:0:0.0:0.0:618G"
"Thu Jun 18 19:54:35 IST 2020":"0:0:0:0.0:0.0:618G"
"Thu Jun 18 20:04:27 IST 2020":"0:0:0:0.0:0.0:618G"
"Thu Jun 18 20:14:39 IST 2020":"0:0:0:0.0:0.0:618G"
"Thu Jun 18 20:24:35 IST 2020":"0:0:0:0.0:0.0:618G"
"Thu Jun 18 20:34:25 IST 2020":"0:0:0:0.0:0.0:618G"
"Thu Jun 18 20:44:38 IST 2020":"0:0:0:0.0:0.0:618G"
"Thu Jun 18 20:54:30 IST 2020":"0:0:0:0.0:0.0:618G"
"Thu Jun 18 21:04:20 IST 2020":"0:0:0:0.0:0.0:618G"
"Thu Jun 18 21:14:22 IST 2020":"0:0:0:0.0:0.0:618G"
"Thu Jun 18 21:24:23 IST 2020":"0:0:0:0.0:0.0:618G"
"Thu Jun 18 21:34:22 IST 2020":"0:0:0:0.0:0.0:618G"
"Thu Jun 18 21:43:52 IST 2020":"0:0:0:0.0:0.0:618G"
"Thu Jun 18 21:53:39 IST 2020":"0:0:0:0.0:0.0:618G"
"Thu Jun 18 22:03:24 IST 2020":"0:0:0:0.0:0.0:618G"
"Thu Jun 18 22:14:03 IST 2020":"0:0:0:0.0:0.0:618G"
"Thu Jun 18 22:24:47 IST 2020":"0:0:0:0.0:0.0:618G"
"Thu Jun 18 22:34:44 IST 2020":"0:0:0:0.0:0.0:618G"
"Thu Jun 18 22:45:13 IST 2020":"0:0:0:0.0:0.0:618G"
"Thu Jun 18 22:55:48 IST 2020":"0:0:0:0.0:0.0:618G"
"Thu Jun 18 23:06:40 IST 2020":"0:0:0:0.0:0.0:618G"
"Thu Jun 18 23:16:38 IST 2020":"0:0:0:0.0:0.0:618G"
"Thu Jun 18 23:26:28 IST 2020":"0:0:0:0.0:0.0:618G"
"Thu Jun 18 23:36:31 IST 2020":"0:0:0:0.0:0.0:618G"
"Thu Jun 18 23:46:34 IST 2020":"0:0:0:0.0:0.0:618G"
"Fri Jun 19 00:05:20 IST 2020":"0:0:0:0.0:0.0:618G"
"Fri Jun 19 00:15:57 IST 2020":"0:0:0:0.0:0.0:618G"
"Fri Jun 19 00:26:25 IST 2020":"0:0:0:0.0:0.0:618G"
"Fri Jun 19 00:36:33 IST 2020":"0:0:0:0.0:0.0:618G"
"Fri Jun 19 00:46:27 IST 2020":"0:0:0:0.0:0.0:618G"
"Fri Jun 19 00:56:17 IST 2020":"0:0:0:0.0:0.0:618G"
"Fri Jun 19 01:06:04 IST 2020":"0:0:0:0.0:0.0:618G"
"Fri Jun 19 01:16:26 IST 2020":"0:0:0:0.0:0.0:618G"
"Fri Jun 19 01:26:23 IST 2020":"0:0:0:0.0:0.0:618G"
"Fri Jun 19 01:37:19 IST 2020":"0:0:0:0.0:0.0:618G"
"Fri Jun 19 01:47:35 IST 2020":"0:0:0:0.0:0.0:618G"
"Fri Jun 19 01:57:23 IST 2020":"0:0:0:0.0:0.0:618G"
"Fri Jun 19 02:08:10 IST 2020":"0:0:0:0.0:0.0:618G"
"Fri Jun 19 02:18:32 IST 2020":"0:0:0:0.0:0.0:618G"
"Fri Jun 19 02:28:27 IST 2020":"0:0:0:0.0:0.0:618G"
"Fri Jun 19 02:38:24 IST 2020":"0:0:0:0.0:0.0:618G"
"Fri Jun 19 02:48:21 IST 2020":"0:0:0:0.0:0.0:618G"
"Fri Jun 19 02:58:21 IST 2020":"0:0:0:0.0:0.0:618G"
"Fri Jun 19 03:08:22 IST 2020":"0:0:0:0.0:0.0:618G"
"Fri Jun 19 03:18:12 IST 2020":"0:0:0:0.0:0.0:618G"
"Fri Jun 19 03:28:04 IST 2020":"0:0:0:0.0:0.0:618G"
"Fri Jun 19 03:47:00 IST 2020":"0:0:0:0.0:0.0:618G"
"Fri Jun 19 03:58:26 IST 2020":"0:0:0:0.0:0.0:618G"
"Fri Jun 19 04:27:15 IST 2020":"0:0:0:0.0:0.0:618G"
"Fri Jun 19 04:37:24 IST 2020":"0:0:0:0.0:0.0:618G"
"Fri Jun 19 04:47:35 IST 2020":"0:0:0:0.0:0.0:618G"
"Fri Jun 19 05:15:41 IST 2020":"0:0:0:0.0:0.0:618G"
"Fri Jun 19 05:27:13 IST 2020":"0:0:0:0.0:0.0:618G"
"Fri Jun 19 05:37:25 IST 2020":"0:0:0:0.0:0.0:618G"
"Fri Jun 19 05:47:08 IST 2020":"0:0:0:0.0:0.0:618G"
"Fri Jun 19 05:56:54 IST 2020":"0:0:0:0.0:0.0:618G"
"Fri Jun 19 06:06:47 IST 2020":"0:0:0:0.0:0.0:618G"
"Fri Jun 19 06:18:00 IST 2020":"0:0:0:0.0:0.0:618G"
"Fri Jun 19 06:27:43 IST 2020":"0:0:0:0.0:0.0:618G"
"Fri Jun 19 06:37:40 IST 2020":"0:0:0:0.0:0.0:618G"
"Fri Jun 19 06:47:14 IST 2020":"0:0:0:0.0:0.0:618G"
"Fri Jun 19 06:57:39 IST 2020":"0:0:0:0.0:0.0:618G"
"Fri Jun 19 07:07:46 IST 2020":"0:0:0:0.0:0.0:618G"
"Fri Jun 19 07:17:36 IST 2020":"0:0:0:0.0:0.0:618G"
"Fri Jun 19 07:27:24 IST 2020":"0:0:0:0.0:0.0:618G"
"Fri Jun 19 07:37:09 IST 2020":"0:0:0:0.0:0.0:618G"
"Fri Jun 19 07:46:51 IST 2020":"0:0:0:0.0:0.0:618G"
"Fri Jun 19 07:56:36 IST 2020":"0:0:0:0.0:0.0:618G"
"Fri Jun 19 08:06:21 IST 2020":"0:0:0:0.0:0.0:618G"
"Fri Jun 19 08:16:10 IST 2020":"0:0:0:0.0:0.0:618G"
"Fri Jun 19 08:25:59 IST 2020":"0:0:0:0.0:0.0:618G"
"Fri Jun 19 08:36:38 IST 2020":"0:0:0:0.0:0.0:618G"
"Fri Jun 19 08:46:33 IST 2020":"0:0:0:0.0:0.0:618G"
"Fri Jun 19 08:56:20 IST 2020":"0:0:0:0.0:0.0:618G"
"Fri Jun 19 09:06:00 IST 2020":"0:0:0:0.0:0.0:618G"
"Fri Jun 19 09:15:51 IST 2020":"0:0:0:0.0:0.0:618G"
"Fri Jun 19 09:28:24 IST 2020":"0:0:0:0.0:0.0:618G"
"Fri Jun 19 09:38:05 IST 2020":"0:0:0:0.0:0.0:618G"
"Fri Jun 19 09:47:45 IST 2020":"0:0:0:0.0:0.0:618G"
"Fri Jun 19 09:57:21 IST 2020":"0:0:0:0.0:0.0:618G"
"Fri Jun 19 10:08:37 IST 2020":"0:0:0:0.0:0.0:618G"
"Fri Jun 19 10:18:25 IST 2020":"0:0:0:0.0:0.0:618G"
"Fri Jun 19 10:28:14 IST 2020":"0:0:0:0.0:0.0:618G"
"Fri Jun 19 10:38:02 IST 2020":"0:0:0:0.0:0.0:618G"
"Fri Jun 19 10:47:43 IST 2020":"0:0:0:0.0:0.0:618G"
"Fri Jun 19 10:58:04 IST 2020":"0:0:0:0.0:0.0:618G"
"Fri Jun 19 11:07:45 IST 2020":"0:0:0:0.0:0.0:618G"
"Fri Jun 19 11:17:32 IST 2020":"0:0:0:0.0:0.0:618G"
"Fri Jun 19 11:37:38 IST 2020":"0:0:0:0.0:0.0:618G"
"Fri Jun 19 11:47:40 IST 2020":"0:0:0:0.0:0.0:618G"
"Fri Jun 19 11:57:32 IST 2020":"0:0:0:0.0:0.0:618G"
"Fri Jun 19 12:07:21 IST 2020":"0:0:0:0.0:0.0:618G"
"Fri Jun 19 12:38:05 IST 2020":"0:0:0:0.0:0.0:618G"
"Fri Jun 19 12:48:02 IST 2020":"0:0:0:0.0:0.0:618G"
"Fri Jun 19 12:57:53 IST 2020":"0:0:0:0.0:0.0:618G"
"Fri Jun 19 13:07:41 IST 2020":"0:0:0:0.0:0.0:618G"
"Fri Jun 19 13:18:37 IST 2020":"0:0:0:0.0:0.0:618G"
"Fri Jun 19 13:29:00 IST 2020":"0:0:0:0.0:0.0:618G"
"Fri Jun 19 13:48:24 IST 2020":"0:0:0:0.0:0.0:618G"
"Fri Jun 19 13:58:11 IST 2020":"0:0:0:0.0:0.0:618G"
"Fri Jun 19 14:08:24 IST 2020":"0:0:0:0.0:0.0:618G"
"Fri Jun 19 14:18:08 IST 2020":"0:0:0:0.0:0.0:618G"
"Fri Jun 19 14:27:55 IST 2020":"0:0:0:0.0:0.0:618G"
"Fri Jun 19 14:37:36 IST 2020":"0:0:0:0.0:0.0:618G"
"Fri Jun 19 14:47:50 IST 2020":"0:0:0:0.0:0.0:618G"
"Fri Jun 19 14:58:54 IST 2020":"0:0:0:0.0:0.0:618G"
"Fri Jun 19 15:08:55 IST 2020":"0:0:0:0.0:0.0:618G"
"Fri Jun 19 15:18:44 IST 2020":"0:0:0:0.0:0.0:618G"
"Fri Jun 19 15:28:46 IST 2020":"0:0:0:0.0:0.0:618G"
"Fri Jun 19 15:38:32 IST 2020":"0:0:0:0.0:0.0:618G"
"Fri Jun 19 15:48:46 IST 2020":"0:0:0:0.0:0.0:618G"
"Fri Jun 19 15:58:32 IST 2020":"0:0:0:0.0:0.0:618G"
"Fri Jun 19 16:27:16 IST 2020":"0:0:0:0.0:0.0:618G"
"Fri Jun 19 16:36:53 IST 2020":"0:0:0:0.0:0.0:618G"
"Fri Jun 19 16:46:39 IST 2020":"0:0:0:0.0:0.0:618G"
"Fri Jun 19 16:56:21 IST 2020":"0:0:0:0.0:0.0:618G"
"Fri Jun 19 17:06:13 IST 2020":"0:0:0:0.0:0.0:618G"
"Fri Jun 19 17:16:31 IST 2020":"0:0:0:0.0:0.0:618G"
"Fri Jun 19 17:26:42 IST 2020":"0:0:0:0.0:0.0:618G"
"Fri Jun 19 17:36:25 IST 2020":"0:0:0:0.0:0.0:618G"
"Fri Jun 19 17:46:15 IST 2020":"0:0:0:0.0:0.0:618G"
"Fri Jun 19 17:56:12 IST 2020":"0:0:0:0.0:0.0:618G"
"Fri Jun 19 18:06:51 IST 2020":"0:0:0:0.0:0.0:618G"
"Fri Jun 19 18:16:40 IST 2020":"0:0:0:0.0:0.0:618G"
"Fri Jun 19 18:26:25 IST 2020":"0:0:0:0.0:0.0:618G"
"Fri Jun 19 18:36:13 IST 2020":"0:0:0:0.0:0.0:618G"
"Fri Jun 19 18:56:22 IST 2020":"0:0:0:0.0:0.0:618G"
"Fri Jun 19 19:06:03 IST 2020":"0:0:0:0.0:0.0:618G"
"Fri Jun 19 19:15:43 IST 2020":"0:0:0:0.0:0.0:618G"
"Fri Jun 19 19:25:27 IST 2020":"0:0:0:0.0:0.0:618G"
"Fri Jun 19 19:35:13 IST 2020":"0:0:0:0.0:0.0:618G"
"Fri Jun 19 19:45:43 IST 2020":"0:0:0:0.0:0.0:618G"
"Fri Jun 19 20:04:29 IST 2020":"0:0:0:0.0:0.0:618G"
"Fri Jun 19 20:14:17 IST 2020":"0:0:0:0.0:0.0:618G"
"Fri Jun 19 20:24:43 IST 2020":"0:0:0:0.0:0.0:618G"
"Fri Jun 19 20:34:56 IST 2020":"0:0:0:0.0:0.0:618G"
"Fri Jun 19 20:44:36 IST 2020":"0:0:0:0.0:0.0:618G"
"Fri Jun 19 21:04:03 IST 2020":"0:0:0:0.0:0.0:618G"
"Fri Jun 19 21:13:59 IST 2020":"0:0:0:0.0:0.0:618G"
"Fri Jun 19 21:23:47 IST 2020":"0:0:0:0.0:0.0:618G"
"Fri Jun 19 21:33:41 IST 2020":"0:0:0:0.0:0.0:618G"
"Fri Jun 19 21:43:30 IST 2020":"0:0:0:0.0:0.0:618G"
"Fri Jun 19 21:53:18 IST 2020":"0:0:0:0.0:0.0:618G"
"Fri Jun 19 22:03:50 IST 2020":"0:0:0:0.0:0.0:618G"
"Fri Jun 19 22:13:52 IST 2020":"0:0:0:0.0:0.0:618G"
"Fri Jun 19 22:23:57 IST 2020":"0:0:0:0.0:0.0:618G"
"Fri Jun 19 22:33:50 IST 2020":"0:0:0:0.0:0.0:618G"
"Fri Jun 19 22:43:46 IST 2020":"0:0:0:0.0:0.0:618G"
"Fri Jun 19 22:53:48 IST 2020":"0:0:0:0.0:0.0:618G"
"Fri Jun 19 23:04:30 IST 2020":"0:0:0:0.0:0.0:618G"
"Fri Jun 19 23:14:32 IST 2020":"0:0:0:0.0:0.0:618G"
"Fri Jun 19 23:24:39 IST 2020":"0:0:0:0.0:0.0:618G"
"Fri Jun 19 23:35:24 IST 2020":"0:0:0:0.0:0.0:618G"
"Fri Jun 19 23:45:38 IST 2020":"0:0:0:0.0:0.0:618G"
"Fri Jun 19 23:55:50 IST 2020":"0:0:0:0.0:0.0:618G"
"Sat Jun 20 00:05:46 IST 2020":"0:0:0:0.0:0.0:618G"
"Sat Jun 20 00:15:43 IST 2020":"0:0:0:0.0:0.0:618G"
"Sat Jun 20 00:27:29 IST 2020":"0:0:0:0.0:0.0:618G"
"Sat Jun 20 00:37:21 IST 2020":"0:0:0:0.0:0.0:618G"
"Sat Jun 20 00:56:15 IST 2020":"0:0:0:0.0:0.0:618G"
"Sat Jun 20 01:06:46 IST 2020":"0:0:0:0.0:0.0:618G"
"Sat Jun 20 01:17:22 IST 2020":"0:0:0:0.0:0.0:618G"
"Sat Jun 20 01:27:14 IST 2020":"0:0:0:0.0:0.0:618G"
"Sat Jun 20 01:36:55 IST 2020":"0:0:0:0.0:0.0:618G"
"Sat Jun 20 01:46:35 IST 2020":"0:0:0:0.0:0.0:618G"
"Sat Jun 20 01:56:19 IST 2020":"0:0:0:0.0:0.0:618G"
"Sat Jun 20 02:06:48 IST 2020":"0:0:0:0.0:0.0:618G"
"Sat Jun 20 02:16:47 IST 2020":"0:0:0:0.0:0.0:618G"
"Sat Jun 20 02:26:43 IST 2020":"0:0:0:0.0:0.0:618G"
"Sat Jun 20 02:36:15 IST 2020":"0:0:0:0.0:0.0:618G"
"Sat Jun 20 02:46:15 IST 2020":"0:0:0:0.0:0.0:618G"
"Sat Jun 20 02:55:55 IST 2020":"0:0:0:0.0:0.0:618G"
"Sat Jun 20 03:05:47 IST 2020":"0:0:0:0.0:0.0:618G"
"Sat Jun 20 03:15:33 IST 2020":"0:0:0:0.0:0.0:618G"
"Sat Jun 20 03:25:16 IST 2020":"0:0:0:0.0:0.0:618G"
"Sat Jun 20 03:36:51 IST 2020":"0:0:0:0.0:0.0:618G"
"Sat Jun 20 03:46:51 IST 2020":"0:0:0:0.0:0.0:618G"
"Sat Jun 20 03:56:50 IST 2020":"0:0:0:0.0:0.0:618G"
"Sat Jun 20 04:06:51 IST 2020":"0:0:0:0.0:0.0:618G"
"Sat Jun 20 04:28:17 IST 2020":"0:0:0:0.0:0.0:618G"
"Sat Jun 20 04:38:29 IST 2020":"0:0:0:0.0:0.0:618G"
"Sat Jun 20 05:08:31 IST 2020":"0:0:0:0.0:0.0:618G"
"Sat Jun 20 05:18:34 IST 2020":"0:0:0:0.0:0.0:618G"
"Sat Jun 20 05:28:44 IST 2020":"0:0:0:0.0:0.0:618G"
"Sat Jun 20 05:38:57 IST 2020":"0:0:0:0.0:0.0:618G"
"Sat Jun 20 05:48:58 IST 2020":"0:0:0:0.0:0.0:618G"
"Sat Jun 20 06:00:55 IST 2020":"0:0:0:0.0:0.0:618G"
"Sat Jun 20 06:11:03 IST 2020":"0:0:0:0.0:0.0:618G"
"Sat Jun 20 06:21:01 IST 2020":"0:0:0:0.0:0.0:618G"
"Sat Jun 20 06:31:03 IST 2020":"0:0:0:0.0:0.0:618G"
"Sat Jun 20 06:41:52 IST 2020":"0:0:0:0.0:0.0:618G"
"Sat Jun 20 06:51:57 IST 2020":"0:0:0:0.0:0.0:618G"
"Sat Jun 20 06:55:53 IST 2020":"0:0:0:0.0:0.0:618G"
"Sat Jun 20 07:11:22 IST 2020":"0:0:0:0.0:0.0:618G"
"Sat Jun 20 07:21:15 IST 2020":"0:0:0:0.0:0.0:618G"
"Sat Jun 20 07:31:18 IST 2020":"0:0:0:0.0:0.0:618G"
"Sat Jun 20 07:41:16 IST 2020":"0:0:0:0.0:0.0:618G"
"Sat Jun 20 07:51:18 IST 2020":"0:0:0:0.0:0.0:618G"
"Sat Jun 20 08:01:08 IST 2020":"0:0:0:0.0:0.0:618G"
"Sat Jun 20 08:10:59 IST 2020":"0:0:0:0.0:0.0:618G"
"Sat Jun 20 08:21:24 IST 2020":"0:0:0:0.0:0.0:618G"
"Sat Jun 20 08:31:10 IST 2020":"0:0:0:0.0:0.0:618G"
"Sat Jun 20 08:41:20 IST 2020":"0:0:0:0.0:0.0:618G"
"Sat Jun 20 08:51:15 IST 2020":"0:0:0:0.0:0.0:618G"
"Sat Jun 20 09:02:13 IST 2020":"0:0:0:0.0:0.0:618G"
"Sat Jun 20 09:12:42 IST 2020":"0:0:0:0.0:0.0:618G"
"Sat Jun 20 09:22:28 IST 2020":"0:0:0:0.0:0.0:618G"
"Sat Jun 20 09:32:15 IST 2020":"0:0:0:0.0:0.0:618G"
"Sat Jun 20 09:42:00 IST 2020":"0:0:0:0.0:0.0:618G"
"Sat Jun 20 09:54:00 IST 2020":"0:0:0:0.0:0.0:618G"
"Sat Jun 20 10:03:40 IST 2020":"0:0:0:0.0:0.0:618G"
"Sat Jun 20 10:13:28 IST 2020":"0:0:0:0.0:0.0:618G"
"Sat Jun 20 10:23:24 IST 2020":"0:0:0:0.0:0.0:618G"
"Sat Jun 20 10:33:15 IST 2020":"0:0:0:0.0:0.0:618G"
"Sat Jun 20 10:44:32 IST 2020":"0:0:0:0.0:0.0:618G"
"Sat Jun 20 10:54:28 IST 2020":"0:0:0:0.0:0.0:618G"
"Sat Jun 20 11:04:08 IST 2020":"0:0:0:0.0:0.0:618G"
"Sat Jun 20 11:14:32 IST 2020":"0:0:0:0.0:0.0:618G"
"Sat Jun 20 11:24:11 IST 2020":"0:0:0:0.0:0.0:618G"
"Sat Jun 20 11:34:12 IST 2020":"0:0:0:0.0:0.0:618G"
"Sat Jun 20 11:43:51 IST 2020":"0:0:0:0.0:0.0:618G"
"Sat Jun 20 11:53:47 IST 2020":"0:0:0:0.0:0.0:618G"
"Sat Jun 20 12:03:38 IST 2020":"0:0:0:0.0:0.0:618G"
"Sat Jun 20 12:14:27 IST 2020":"0:0:0:0.0:0.0:618G"
"Sat Jun 20 12:24:23 IST 2020":"0:0:0:0.0:0.0:618G"
"Sat Jun 20 12:34:00 IST 2020":"0:0:0:0.0:0.0:618G"
"Sat Jun 20 12:43:46 IST 2020":"0:0:0:0.0:0.0:618G"
"Sat Jun 20 12:53:55 IST 2020":"0:0:0:0.0:0.0:618G"
"Sat Jun 20 13:04:24 IST 2020":"0:0:0:0.0:0.0:618G"
"Sat Jun 20 13:14:16 IST 2020":"0:0:0:0.0:0.0:618G"
"Sat Jun 20 13:23:57 IST 2020":"0:0:0:0.0:0.0:618G"
"Sat Jun 20 13:33:37 IST 2020":"0:0:0:0.0:0.0:618G"
"Sat Jun 20 13:54:58 IST 2020":"0:0:0:0.0:0.0:618G"
"Sat Jun 20 14:04:40 IST 2020":"0:0:0:0.0:0.0:618G"
"Sat Jun 20 14:14:34 IST 2020":"0:0:0:0.0:0.0:618G"
"Sat Jun 20 14:34:34 IST 2020":"0:0:0:0.0:0.0:618G"
"Sat Jun 20 14:53:46 IST 2020":"0:0:0:0.0:0.0:618G"
"Sat Jun 20 15:03:42 IST 2020":"0:0:0:0.0:0.0:618G"
"Sat Jun 20 15:13:40 IST 2020":"0:0:0:0.0:0.0:618G"
"Sat Jun 20 15:23:26 IST 2020":"0:0:0:0.0:0.0:618G"
"Sat Jun 20 15:33:56 IST 2020":"0:0:0:0.0:0.0:618G"
"Sat Jun 20 15:43:40 IST 2020":"0:0:0:0.0:0.0:618G"
"Sat Jun 20 15:53:32 IST 2020":"0:0:0:0.0:0.0:618G"
"Sat Jun 20 16:14:00 IST 2020":"0:0:0:0.0:0.0:618G"
"Sat Jun 20 16:23:51 IST 2020":"0:0:0:0.0:0.0:618G"
"Sat Jun 20 16:33:41 IST 2020":"0:0:0:0.0:0.0:618G"
"Sat Jun 20 16:52:47 IST 2020":"0:0:0:0.0:0.0:618G"
"Sat Jun 20 17:05:52 IST 2020":"0:0:0:0.0:0.0:618G"
"Sat Jun 20 17:15:42 IST 2020":"0:0:0:0.0:0.0:618G"
"Sat Jun 20 17:25:34 IST 2020":"0:0:0:0.0:0.0:618G"
"Sat Jun 20 17:35:22 IST 2020":"0:0:0:0.0:0.0:618G"
"Sat Jun 20 17:45:23 IST 2020":"0:0:0:0.0:0.0:618G"
"Sat Jun 20 17:55:59 IST 2020":"0:0:0:0.0:0.0:618G"
"Sat Jun 20 18:05:45 IST 2020":"0:0:0:0.0:0.0:618G"
"Sat Jun 20 18:15:45 IST 2020":"0:0:0:0.0:0.0:618G"
"Sat Jun 20 18:25:32 IST 2020":"0:0:0:0.0:0.0:618G"
"Sat Jun 20 18:36:02 IST 2020":"0:0:0:0.0:0.0:618G"
"Sat Jun 20 18:46:22 IST 2020":"0:0:0:0.0:0.0:618G"
"Sat Jun 20 18:56:14 IST 2020":"0:0:0:0.0:0.0:618G"
"Sat Jun 20 19:05:57 IST 2020":"0:0:0:0.0:0.0:618G"
"Sat Jun 20 19:44:24 IST 2020":"0:0:0:0.0:0.0:618G"
"Sat Jun 20 20:03:37 IST 2020":"0:0:0:0.0:0.0:618G"
"Sat Jun 20 20:14:38 IST 2020":"0:0:0:0.0:0.0:618G"
"Sat Jun 20 20:24:32 IST 2020":"0:0:0:0.0:0.0:618G"
"Sat Jun 20 20:34:30 IST 2020":"0:0:0:0.0:0.0:618G"
"Sat Jun 20 20:51:22 IST 2020":"0:0:0:0.0:0.0:618G"
"Sat Jun 20 21:01:36 IST 2020":"0:0:0:0.0:0.0:618G"
"Sat Jun 20 21:11:37 IST 2020":"0:0:0:0.0:0.0:618G"
"Sat Jun 20 21:21:36 IST 2020":"0:0:0:0.0:0.0:618G"
"Sat Jun 20 21:31:36 IST 2020":"0:0:0:0.0:0.0:618G"
"Sat Jun 20 21:41:29 IST 2020":"0:0:0:0.0:0.0:618G"
"Sat Jun 20 21:53:05 IST 2020":"0:0:0:0.0:0.0:618G"
"Sat Jun 20 22:02:57 IST 2020":"0:0:0:0.0:0.0:618G"
"Sat Jun 20 22:12:56 IST 2020":"0:0:0:0.0:0.0:618G"
"Sat Jun 20 22:33:46 IST 2020":"0:0:0:0.0:0.0:618G"
"Sat Jun 20 22:43:49 IST 2020":"0:0:0:0.0:0.0:618G"
"Sat Jun 20 22:54:02 IST 2020":"0:0:0:0.0:0.0:618G"
"Sat Jun 20 23:04:23 IST 2020":"0:0:0:0.0:0.0:618G"
"Sat Jun 20 23:14:21 IST 2020":"0:0:0:0.0:0.0:618G"
"Sat Jun 20 23:24:51 IST 2020":"0:0:0:0.0:0.0:618G"
"Sat Jun 20 23:35:12 IST 2020":"0:0:0:0.0:0.0:618G"
"Sat Jun 20 23:45:50 IST 2020":"0:0:0:0.0:0.0:618G"
"Sat Jun 20 23:56:01 IST 2020":"0:0:0:0.0:0.0:618G"
"Sun Jun 21 00:05:53 IST 2020":"0:0:0:0.0:0.0:618G"
"Sun Jun 21 00:16:53 IST 2020":"0:0:0:0.0:0.0:618G"
"Sun Jun 21 00:27:07 IST 2020":"0:0:0:0.0:0.0:618G"
"Sun Jun 21 00:37:15 IST 2020":"0:0:0:0.0:0.0:618G"
"Sun Jun 21 00:47:28 IST 2020":"0:0:0:0.0:0.0:618G"
"Sun Jun 21 00:57:30 IST 2020":"0:0:0:0.0:0.0:618G"
"Sun Jun 21 01:07:26 IST 2020":"0:0:0:0.0:0.0:618G"
"Sun Jun 21 01:17:26 IST 2020":"0:0:0:0.0:0.0:618G"
"Sun Jun 21 01:27:20 IST 2020":"0:0:0:0.0:0.0:618G"
"Sun Jun 21 01:37:21 IST 2020":"0:0:0:0.0:0.0:618G"
"Sun Jun 21 01:47:41 IST 2020":"0:0:0:0.0:0.0:618G"
"Sun Jun 21 01:57:37 IST 2020":"0:0:0:0.0:0.0:618G"
"Sun Jun 21 02:17:03 IST 2020":"0:0:0:0.0:0.0:618G"
"Sun Jun 21 02:27:44 IST 2020":"0:0:0:0.0:0.0:618G"
"Sun Jun 21 02:38:37 IST 2020":"0:0:0:0.0:0.0:618G"
"Sun Jun 21 02:48:33 IST 2020":"0:0:0:0.0:0.0:618G"
"Sun Jun 21 02:58:31 IST 2020":"0:0:0:0.0:0.0:618G"
"Sun Jun 21 03:08:33 IST 2020":"0:0:0:0.0:0.0:618G"
"Sun Jun 21 03:19:52 IST 2020":"0:0:0:0.0:0.0:618G"
"Sun Jun 21 03:38:30 IST 2020":"0:0:0:0.0:0.0:618G"
"Sun Jun 21 03:48:24 IST 2020":"0:0:0:0.0:0.0:618G"
"Sun Jun 21 03:58:19 IST 2020":"0:0:0:0.0:0.0:618G"
"Sun Jun 21 04:09:13 IST 2020":"0:0:0:0.0:0.0:618G"
"Sun Jun 21 04:19:40 IST 2020":"0:0:0:0.0:0.0:618G"
"Sun Jun 21 04:30:31 IST 2020":"0:0:0:0.0:0.0:618G"
"Sun Jun 21 04:41:09 IST 2020":"0:0:0:0.0:0.0:618G"
"Sun Jun 21 04:51:12 IST 2020":"0:0:0:0.0:0.0:618G"
"Sun Jun 21 05:01:16 IST 2020":"0:0:0:0.0:0.0:618G"
"Sun Jun 21 05:11:20 IST 2020":"0:0:0:0.0:0.0:618G"
"Sun Jun 21 05:21:17 IST 2020":"0:0:0:0.0:0.0:618G"
"Sun Jun 21 05:31:10 IST 2020":"0:0:0:0.0:0.0:618G"
"Sun Jun 21 05:37:48 IST 2020":"0:0:0:0.0:0.0:618G"
"Sun Jun 21 05:53:50 IST 2020":"0:0:0:0.0:0.0:618G"
"Sun Jun 21 06:13:32 IST 2020":"0:0:0:0.0:0.0:618G"
"Sun Jun 21 06:23:34 IST 2020":"0:0:0:0.0:0.0:618G"
"Sun Jun 21 06:34:37 IST 2020":"0:0:0:0.0:0.0:618G"
"Sun Jun 21 06:44:46 IST 2020":"0:0:0:0.0:0.0:618G"
"Sun Jun 21 06:54:51 IST 2020":"0:0:0:0.0:0.0:618G"
"Sun Jun 21 07:04:59 IST 2020":"0:0:0:0.0:0.0:618G"
"Sun Jun 21 07:15:24 IST 2020":"0:0:0:0.0:0.0:618G"
"Sun Jun 21 07:25:17 IST 2020":"0:0:0:0.0:0.0:618G"
"Sun Jun 21 07:35:18 IST 2020":"0:0:0:0.0:0.0:618G"
"Sun Jun 21 07:45:08 IST 2020":"0:0:0:0.0:0.0:618G"
"Sun Jun 21 07:54:50 IST 2020":"0:0:0:0.0:0.0:618G"
"Sun Jun 21 08:05:27 IST 2020":"0:0:0:0.0:0.0:618G"
"Sun Jun 21 08:15:18 IST 2020":"0:0:0:0.0:0.0:618G"
"Sun Jun 21 08:25:14 IST 2020":"0:0:0:0.0:0.0:618G"
"Sun Jun 21 08:35:04 IST 2020":"0:0:0:0.0:0.0:618G"
"Sun Jun 21 08:45:22 IST 2020":"0:0:0:0.0:0.0:618G"
"Sun Jun 21 08:55:13 IST 2020":"0:0:0:0.0:0.0:618G"
"Sun Jun 21 09:04:56 IST 2020":"0:0:0:0.0:0.0:618G"
"Sun Jun 21 09:14:43 IST 2020":"0:0:0:0.0:0.0:618G"
"Sun Jun 21 09:24:26 IST 2020":"0:0:0:0.0:0.0:618G"
"Sun Jun 21 09:34:12 IST 2020":"0:0:0:0.0:0.0:618G"
"Sun Jun 21 09:44:37 IST 2020":"0:0:0:0.0:0.0:618G"
"Sun Jun 21 09:54:37 IST 2020":"0:0:0:0.0:0.0:618G"
"Sun Jun 21 10:04:26 IST 2020":"0:0:0:0.0:0.0:618G"
"Sun Jun 21 10:14:09 IST 2020":"0:0:0:0.0:0.0:618G"
"Sun Jun 21 10:24:44 IST 2020":"0:0:0:0.0:0.0:618G"
"Sun Jun 21 10:34:45 IST 2020":"0:0:0:0.0:0.0:618G"
"Sun Jun 21 10:44:42 IST 2020":"0:0:0:0.0:0.0:618G"
"Sun Jun 21 10:54:24 IST 2020":"0:0:0:0.0:0.0:618G"
"Sun Jun 21 11:04:01 IST 2020":"0:0:0:0.0:0.0:618G"
"Sun Jun 21 11:14:22 IST 2020":"0:0:0:0.0:0.0:618G"
"Sun Jun 21 11:23:53 IST 2020":"0:0:0:0.0:0.0:618G"
"Sun Jun 21 11:33:27 IST 2020":"0:0:0:0.0:0.0:618G"
"Sun Jun 21 11:43:07 IST 2020":"0:0:0:0.0:0.0:618G"
"Sun Jun 21 11:53:45 IST 2020":"0:0:0:0.0:0.0:618G"
"Sun Jun 21 12:04:31 IST 2020":"0:0:0:0.0:0.0:618G"
"Sun Jun 21 12:14:20 IST 2020":"0:0:0:0.0:0.0:618G"
"Sun Jun 21 12:24:07 IST 2020":"0:0:0:0.0:0.0:618G"
"Sun Jun 21 12:34:51 IST 2020":"0:0:0:0.0:0.0:618G"
"Sun Jun 21 12:46:06 IST 2020":"0:0:0:0.0:0.0:618G"
"Sun Jun 21 12:56:06 IST 2020":"0:0:0:0.0:0.0:618G"
"Sun Jun 21 13:06:41 IST 2020":"0:0:0:0.0:0.0:618G"
"Sun Jun 21 13:27:03 IST 2020":"0:0:0:0.0:0.0:618G"
"Sun Jun 21 13:37:45 IST 2020":"0:0:0:0.0:0.0:618G"
"Sun Jun 21 13:47:49 IST 2020":"0:0:0:0.0:0.0:618G"
"Sun Jun 21 13:57:48 IST 2020":"0:0:0:0.0:0.0:618G"
"Sun Jun 21 14:07:48 IST 2020":"0:0:0:0.0:0.0:618G"
"Sun Jun 21 14:18:13 IST 2020":"0:0:0:0.0:0.0:618G"
"Sun Jun 21 14:28:20 IST 2020":"0:0:0:0.0:0.0:618G"
"Sun Jun 21 14:38:20 IST 2020":"0:0:0:0.0:0.0:618G"
"Sun Jun 21 14:48:16 IST 2020":"0:0:0:0.0:0.0:618G"
"Sun Jun 21 14:58:12 IST 2020":"0:0:0:0.0:0.0:618G"
"Sun Jun 21 15:08:58 IST 2020":"0:0:0:0.0:0.0:618G"
"Sun Jun 21 15:18:45 IST 2020":"0:0:0:0.0:0.0:618G"
"Sun Jun 21 15:28:37 IST 2020":"0:0:0:0.0:0.0:618G"
"Sun Jun 21 15:38:21 IST 2020":"0:0:0:0.0:0.0:618G"
"Sun Jun 21 15:49:43 IST 2020":"0:0:0:0.0:0.0:618G"
"Sun Jun 21 15:59:48 IST 2020":"0:0:0:0.0:0.0:618G"
"Sun Jun 21 16:09:38 IST 2020":"0:0:0:0.0:0.0:618G"
"Sun Jun 21 16:19:30 IST 2020":"0:0:0:0.0:0.0:618G"
"Sun Jun 21 16:29:17 IST 2020":"0:0:0:0.0:0.0:618G"
"Sun Jun 21 16:41:13 IST 2020":"0:0:0:0.0:0.0:618G"
"Sun Jun 21 16:50:57 IST 2020":"0:0:0:0.0:0.0:618G"
"Sun Jun 21 17:00:47 IST 2020":"0:0:0:0.0:0.0:618G"
"Sun Jun 21 17:10:38 IST 2020":"0:0:0:0.0:0.0:618G"
"Sun Jun 21 17:20:35 IST 2020":"0:0:0:0.0:0.0:618G"
"Sun Jun 21 17:30:33 IST 2020":"0:0:0:0.0:0.0:618G"
"Sun Jun 21 17:40:26 IST 2020":"0:0:0:0.0:0.0:618G"
"Sun Jun 21 17:50:09 IST 2020":"0:0:0:0.0:0.0:618G"
"Sun Jun 21 18:00:09 IST 2020":"0:0:0:0.0:0.0:618G"
"Sun Jun 21 18:10:04 IST 2020":"0:0:0:0.0:0.0:618G"
"Sun Jun 21 18:19:52 IST 2020":"0:0:0:0.0:0.0:618G"
"Sun Jun 21 18:29:39 IST 2020":"0:0:0:0.0:0.0:618G"
"Sun Jun 21 18:39:27 IST 2020":"0:0:0:0.0:0.0:618G"
"Sun Jun 21 18:58:56 IST 2020":"0:0:0:0.0:0.0:618G"
"Sun Jun 21 19:08:45 IST 2020":"0:0:0:0.0:0.0:618G"
"Sun Jun 21 19:18:29 IST 2020":"0:0:0:0.0:0.0:618G"
"Sun Jun 21 19:28:12 IST 2020":"0:0:0:0.0:0.0:618G"
"Sun Jun 21 19:48:17 IST 2020":"0:0:0:0.0:0.0:618G"
"Sun Jun 21 19:58:38 IST 2020":"0:0:0:0.0:0.0:618G"
"Sun Jun 21 20:17:21 IST 2020":"0:0:0:0.0:0.0:618G"
"Sun Jun 21 20:27:06 IST 2020":"0:0:0:0.0:0.0:618G"
"Sun Jun 21 20:38:24 IST 2020":"0:0:0:0.0:0.0:618G"
"Sun Jun 21 20:48:33 IST 2020":"0:0:0:0.0:0.0:618G"
"Sun Jun 21 21:04:56 IST 2020":"0:0:0:0.0:0.0:618G"
"Sun Jun 21 21:15:00 IST 2020":"0:0:0:0.0:0.0:618G"
"Sun Jun 21 21:24:50 IST 2020":"0:0:0:0.0:0.0:618G"
"Sun Jun 21 21:34:48 IST 2020":"0:0:0:0.0:0.0:618G"
"Sun Jun 21 21:44:36 IST 2020":"0:0:0:0.0:0.0:618G"
"Sun Jun 21 21:54:26 IST 2020":"0:0:0:0.0:0.0:618G"
"Sun Jun 21 22:03:59 IST 2020":"0:0:0:0.0:0.0:618G"
"Sun Jun 21 22:14:59 IST 2020":"0:0:0:0.0:0.0:618G"
"Sun Jun 21 22:24:49 IST 2020":"0:0:0:0.0:0.0:618G"
"Sun Jun 21 22:34:45 IST 2020":"0:0:0:0.0:0.0:618G"
"Sun Jun 21 22:44:41 IST 2020":"0:0:0:0.0:0.0:618G"
"Sun Jun 21 22:54:40 IST 2020":"0:0:0:0.0:0.0:618G"
"Sun Jun 21 23:04:26 IST 2020":"0:0:0:0.0:0.0:618G"
"Sun Jun 21 23:14:14 IST 2020":"0:0:0:0.0:0.0:618G"
"Sun Jun 21 23:23:51 IST 2020":"0:0:0:0.0:0.0:618G"
"Sun Jun 21 23:33:37 IST 2020":"0:0:0:0.0:0.0:618G"
"Sun Jun 21 23:43:26 IST 2020":"0:0:0:0.0:0.0:618G"
"Sun Jun 21 23:53:32 IST 2020":"0:0:0:0.0:0.0:618G"
"Mon Jun 22 00:03:27 IST 2020":"0:0:0:0.0:0.0:618G"
"Mon Jun 22 00:13:30 IST 2020":"0:0:0:0.0:0.0:618G"
"Mon Jun 22 00:23:33 IST 2020":"0:0:0:0.0:0.0:618G"
"Mon Jun 22 00:33:35 IST 2020":"0:0:0:0.0:0.0:618G"
"Mon Jun 22 00:43:41 IST 2020":"0:0:0:0.0:0.0:618G"
"Mon Jun 22 00:53:32 IST 2020":"0:0:0:0.0:0.0:618G"
"Mon Jun 22 01:03:18 IST 2020":"0:0:0:0.0:0.0:618G"
"Mon Jun 22 01:24:01 IST 2020":"0:0:0:0.0:0.0:618G"
"Mon Jun 22 01:33:54 IST 2020":"0:0:0:0.0:0.0:618G"
"Mon Jun 22 01:43:50 IST 2020":"0:0:0:0.0:0.0:618G"
"Mon Jun 22 01:53:37 IST 2020":"0:0:0:0.0:0.0:618G"
"Mon Jun 22 02:03:42 IST 2020":"0:0:0:0.0:0.0:618G"
"Mon Jun 22 02:14:29 IST 2020":"0:0:0:0.0:0.0:618G"
"Mon Jun 22 02:33:19 IST 2020":"0:0:0:0.0:0.0:618G"
"Mon Jun 22 02:52:51 IST 2020":"0:0:0:0.0:0.0:618G"
"Mon Jun 22 03:06:58 IST 2020":"0:0:0:0.0:0.0:618G"
"Mon Jun 22 03:10:44 IST 2020":"0:0:0:0.0:0.0:618G"
"Mon Jun 22 03:44:35 IST 2020":"0:0:0:0.0:0.0:618G"
"Mon Jun 22 03:54:57 IST 2020":"0:0:0:0.0:0.0:618G"
"Mon Jun 22 04:05:05 IST 2020":"0:0:0:0.0:0.0:618G"
"Mon Jun 22 04:15:41 IST 2020":"0:0:0:0.0:0.0:618G"
"Mon Jun 22 04:26:30 IST 2020":"0:0:0:0.0:0.0:618G"
"Mon Jun 22 04:37:16 IST 2020":"0:0:0:0.0:0.0:618G"
"Mon Jun 22 04:47:11 IST 2020":"0:0:0:0.0:0.0:618G"
"Mon Jun 22 04:57:05 IST 2020":"0:0:0:0.0:0.0:618G"
"Mon Jun 22 05:07:05 IST 2020":"0:0:0:0.0:0.0:618G"
"Mon Jun 22 05:17:04 IST 2020":"0:0:0:0.0:0.0:618G"
"Mon Jun 22 05:27:06 IST 2020":"0:0:0:0.0:0.0:618G"
"Mon Jun 22 05:37:21 IST 2020":"0:0:0:0.0:0.0:618G"
"Mon Jun 22 05:47:27 IST 2020":"0:0:0:0.0:0.0:618G"
"Mon Jun 22 05:57:41 IST 2020":"0:0:0:0.0:0.0:618G"
"Mon Jun 22 06:09:49 IST 2020":"0:0:0:0.0:0.0:618G"
"Mon Jun 22 06:20:21 IST 2020":"0:0:0:0.0:0.0:618G"
"Mon Jun 22 06:30:18 IST 2020":"0:0:0:0.0:0.0:618G"
"Mon Jun 22 06:40:06 IST 2020":"0:0:0:0.0:0.0:618G"
"Mon Jun 22 06:50:06 IST 2020":"0:0:0:0.0:0.0:618G"
"Mon Jun 22 06:59:57 IST 2020":"0:0:0:0.0:0.0:618G"
"Mon Jun 22 07:09:51 IST 2020":"0:0:0:0.0:0.0:618G"
"Mon Jun 22 07:19:41 IST 2020":"0:0:0:0.0:0.0:618G"
"Mon Jun 22 07:29:56 IST 2020":"0:0:0:0.0:0.0:618G"
"Mon Jun 22 07:40:54 IST 2020":"0:0:0:0.0:0.0:618G"
"Mon Jun 22 07:50:41 IST 2020":"0:0:0:0.0:0.0:618G"
"Mon Jun 22 08:00:29 IST 2020":"0:0:0:0.0:0.0:618G"
"Mon Jun 22 08:10:16 IST 2020":"0:0:0:0.0:0.0:618G"
"Mon Jun 22 08:20:58 IST 2020":"0:0:0:0.0:0.0:618G"
"Mon Jun 22 08:30:50 IST 2020":"0:0:0:0.0:0.0:618G"
"Mon Jun 22 08:40:50 IST 2020":"0:0:0:0.0:0.0:618G"
"Mon Jun 22 08:50:42 IST 2020":"0:0:0:0.0:0.0:618G"
"Mon Jun 22 09:00:31 IST 2020":"0:0:0:0.0:0.0:618G"
"Mon Jun 22 09:11:27 IST 2020":"0:0:0:0.0:0.0:618G"
"Mon Jun 22 09:21:15 IST 2020":"0:0:0:0.0:0.0:618G"
"Mon Jun 22 09:31:07 IST 2020":"0:0:0:0.0:0.0:618G"
"Mon Jun 22 09:40:46 IST 2020":"0:0:0:0.0:0.0:618G"
"Mon Jun 22 09:50:38 IST 2020":"0:0:0:0.0:0.0:618G"
"Mon Jun 22 10:00:27 IST 2020":"0:0:0:0.0:0.0:618G"
"Mon Jun 22 10:10:28 IST 2020":"0:0:0:0.0:0.0:618G"
"Mon Jun 22 10:20:23 IST 2020":"0:0:0:0.0:0.0:618G"
"Mon Jun 22 10:30:11 IST 2020":"0:0:0:0.0:0.0:618G"
"Mon Jun 22 10:39:56 IST 2020":"0:0:0:0.0:0.0:618G"
"Mon Jun 22 10:49:36 IST 2020":"0:0:0:0.0:0.0:618G"
"Mon Jun 22 10:59:03 IST 2020":"0:0:0:0.0:0.0:618G"
"Mon Jun 22 11:17:37 IST 2020":"0:0:0:0.0:0.0:618G"
"Mon Jun 22 11:27:12 IST 2020":"0:0:0:0.0:0.0:618G"
"Mon Jun 22 11:37:05 IST 2020":"0:0:0:0.0:0.0:618G"
"Mon Jun 22 11:46:39 IST 2020":"0:0:0:0.0:0.0:618G"
"Mon Jun 22 11:56:21 IST 2020":"0:0:0:0.0:0.0:618G"
"Mon Jun 22 12:06:13 IST 2020":"0:0:0:0.0:0.0:618G"
"Mon Jun 22 12:16:03 IST 2020":"0:0:0:0.0:0.0:618G"
"Mon Jun 22 12:25:55 IST 2020":"0:0:0:0.0:0.0:618G"
"Mon Jun 22 12:36:20 IST 2020":"0:0:0:0.0:0.0:618G"
"Mon Jun 22 12:46:03 IST 2020":"0:0:0:0.0:0.0:618G"
"Mon Jun 22 12:55:50 IST 2020":"0:0:0:0.0:0.0:618G"
"Mon Jun 22 13:06:01 IST 2020":"0:0:0:0.0:0.0:618G"
"Mon Jun 22 13:15:43 IST 2020":"0:0:0:0.0:0.0:618G"
"Mon Jun 22 13:25:31 IST 2020":"0:0:0:0.0:0.0:618G"
"Mon Jun 22 13:35:16 IST 2020":"0:0:0:0.0:0.0:618G"
"Mon Jun 22 13:45:03 IST 2020":"0:0:0:0.0:0.0:618G"
"Mon Jun 22 13:55:42 IST 2020":"0:0:0:0.0:0.0:618G"
"Mon Jun 22 14:05:29 IST 2020":"0:0:0:0.0:0.0:618G"
"Mon Jun 22 14:15:20 IST 2020":"0:0:0:0.0:0.0:618G"
"Mon Jun 22 14:24:48 IST 2020":"0:0:0:0.0:0.0:618G"
"Mon Jun 22 14:34:36 IST 2020":"0:0:0:0.0:0.0:618G"
"Mon Jun 22 14:45:08 IST 2020":"0:0:0:0.0:0.0:618G"
"Mon Jun 22 14:55:35 IST 2020":"0:0:0:0.0:0.0:618G"
"Mon Jun 22 15:05:26 IST 2020":"0:0:0:0.0:0.0:618G"
"Mon Jun 22 15:15:00 IST 2020":"0:0:0:0.0:0.0:618G"
"Mon Jun 22 15:24:48 IST 2020":"0:0:0:0.0:0.0:618G"
"Mon Jun 22 15:35:32 IST 2020":"0:0:0:0.0:0.0:618G"
"Mon Jun 22 15:45:23 IST 2020":"0:0:0:0.0:0.0:618G"
"Mon Jun 22 15:55:10 IST 2020":"0:0:0:0.0:0.0:618G"
"Mon Jun 22 16:04:59 IST 2020":"0:0:0:0.0:0.0:618G"
"Mon Jun 22 16:14:56 IST 2020":"0:0:0:0.0:0.0:618G"
"Mon Jun 22 16:24:40 IST 2020":"0:0:0:0.0:0.0:618G"
"Mon Jun 22 16:45:50 IST 2020":"0:0:0:0.0:0.0:618G"
"Mon Jun 22 16:56:19 IST 2020":"0:0:0:0.0:0.0:618G"
"Mon Jun 22 17:06:22 IST 2020":"0:0:0:0.0:0.0:618G"
"Mon Jun 22 17:44:45 IST 2020":"0:0:0:0.0:0.0:618G"
"Mon Jun 22 17:55:05 IST 2020":"0:0:0:0.0:0.0:618G"
"Mon Jun 22 18:05:38 IST 2020":"0:0:0:0.0:0.0:618G"
"Mon Jun 22 18:15:39 IST 2020":"0:0:0:0.0:0.0:618G"
"Mon Jun 22 18:34:51 IST 2020":"0:0:0:0.0:0.0:618G"
"Mon Jun 22 18:45:35 IST 2020":"0:0:0:0.0:0.0:618G"
"Mon Jun 22 18:55:53 IST 2020":"0:0:0:0.0:0.0:618G"
"Mon Jun 22 19:05:44 IST 2020":"0:0:0:0.0:0.0:618G"
"Mon Jun 22 19:15:42 IST 2020":"0:0:0:0.0:0.0:618G"
"Mon Jun 22 19:27:25 IST 2020":"0:0:0:0.0:0.0:618G"
"Mon Jun 22 19:39:37 IST 2020":"0:0:0:0.0:0.0:618G"
"Mon Jun 22 19:49:24 IST 2020":"0:0:0:0.0:0.0:618G"
"Mon Jun 22 19:59:01 IST 2020":"0:0:0:0.0:0.0:618G"
"Mon Jun 22 20:18:43 IST 2020":"0:0:0:0.0:0.0:618G"
"Mon Jun 22 20:28:37 IST 2020":"0:0:0:0.0:0.0:618G"
"Mon Jun 22 20:38:36 IST 2020":"0:0:0:0.0:0.0:618G"
"Mon Jun 22 20:55:31 IST 2020":"0:0:0:0.0:0.0:618G"
"Mon Jun 22 21:05:34 IST 2020":"0:0:0:0.0:0.0:618G"
"Mon Jun 22 21:15:26 IST 2020":"0:0:0:0.0:0.0:618G"
"Mon Jun 22 21:25:26 IST 2020":"0:0:0:0.0:0.0:618G"
"Mon Jun 22 21:35:19 IST 2020":"0:0:0:0.0:0.0:618G"
"Mon Jun 22 21:45:11 IST 2020":"0:0:0:0.0:0.0:618G"
"Mon Jun 22 21:55:19 IST 2020":"0:0:0:0.0:0.0:618G"
"Mon Jun 22 22:05:13 IST 2020":"0:0:0:0.0:0.0:618G"
"Mon Jun 22 22:15:33 IST 2020":"0:0:0:0.0:0.0:618G"
"Mon Jun 22 22:25:53 IST 2020":"0:0:0:0.0:0.0:618G"
"Mon Jun 22 22:35:43 IST 2020":"0:0:0:0.0:0.0:618G"
"Mon Jun 22 22:45:39 IST 2020":"0:0:0:0.0:0.0:618G"
"Mon Jun 22 22:56:32 IST 2020":"0:0:0:0.0:0.0:618G"
"Mon Jun 22 23:06:52 IST 2020":"0:0:0:0.0:0.0:618G"
"Mon Jun 22 23:16:49 IST 2020":"0:0:0:0.0:0.0:618G"
"Mon Jun 22 23:27:22 IST 2020":"0:0:0:0.0:0.0:618G"
"Mon Jun 22 23:37:46 IST 2020":"0:0:0:0.0:0.0:618G"
"Mon Jun 22 23:47:42 IST 2020":"0:0:0:0.0:0.0:618G"
"Mon Jun 22 23:57:47 IST 2020":"0:0:0:0.0:0.0:618G"
"Tue Jun 23 00:08:09 IST 2020":"0:0:0:0.0:0.0:618G"
"Tue Jun 23 00:18:21 IST 2020":"0:0:0:0.0:0.0:618G"
"Tue Jun 23 00:28:34 IST 2020":"0:0:0:0.0:0.0:618G"
"Tue Jun 23 00:38:44 IST 2020":"0:0:0:0.0:0.0:618G"
"Tue Jun 23 01:18:08 IST 2020":"0:0:0:0.0:0.0:618G"
"Tue Jun 23 01:28:00 IST 2020":"0:0:0:0.0:0.0:618G"
"Tue Jun 23 01:37:46 IST 2020":"0:0:0:0.0:0.0:618G"
"Tue Jun 23 01:47:39 IST 2020":"0:0:0:0.0:0.0:618G"
"Tue Jun 23 01:57:27 IST 2020":"0:0:0:0.0:0.0:618G"
"Tue Jun 23 02:07:02 IST 2020":"0:0:0:0.0:0.0:618G"
"Tue Jun 23 02:17:26 IST 2020":"0:0:0:0.0:0.0:618G"
"Tue Jun 23 02:27:38 IST 2020":"0:0:0:0.0:0.0:618G"
"Tue Jun 23 02:37:36 IST 2020":"0:0:0:0.0:0.0:618G"
"Tue Jun 23 02:47:47 IST 2020":"0:0:0:0.0:0.0:618G"
"Tue Jun 23 02:57:34 IST 2020":"0:0:0:0.0:0.0:618G"
"Tue Jun 23 03:07:35 IST 2020":"0:0:0:0.0:0.0:618G"
"Tue Jun 23 03:28:41 IST 2020":"0:0:0:0.0:0.0:618G"
"Tue Jun 23 03:38:59 IST 2020":"0:0:0:0.0:0.0:618G"
"Tue Jun 23 03:49:04 IST 2020":"0:0:0:0.0:0.0:618G"
"Tue Jun 23 03:58:51 IST 2020":"0:0:0:0.0:0.0:618G"
"Tue Jun 23 04:09:12 IST 2020":"0:0:0:0.0:0.0:618G"
"Tue Jun 23 04:32:21 IST 2020":"0:0:0:0.0:0.0:618G"
"Tue Jun 23 04:42:57 IST 2020":"0:0:0:0.0:0.0:618G"
"Tue Jun 23 04:53:05 IST 2020":"0:0:0:0.0:0.0:618G"
"Tue Jun 23 05:03:08 IST 2020":"0:0:0:0.0:0.0:618G"
"Tue Jun 23 05:13:11 IST 2020":"0:0:0:0.0:0.0:618G"
"Tue Jun 23 05:23:13 IST 2020":"0:0:0:0.0:0.0:618G"
"Tue Jun 23 05:33:17 IST 2020":"0:0:0:0.0:0.0:618G"
"Tue Jun 23 05:43:52 IST 2020":"0:0:0:0.0:0.0:618G"
"Tue Jun 23 05:54:19 IST 2020":"0:0:0:0.0:0.0:618G"
"Tue Jun 23 06:04:30 IST 2020":"0:0:0:0.0:0.0:618G"
"Tue Jun 23 06:14:46 IST 2020":"0:0:0:0.0:0.0:618G"
"Tue Jun 23 06:34:53 IST 2020":"0:0:0:0.0:0.0:618G"
"Tue Jun 23 06:44:50 IST 2020":"0:0:0:0.0:0.0:618G"
"Tue Jun 23 06:54:45 IST 2020":"0:0:0:0.0:0.0:618G"
"Tue Jun 23 07:04:46 IST 2020":"0:0:0:0.0:0.0:618G"
"Tue Jun 23 07:25:18 IST 2020":"0:0:0:0.0:0.0:618G"
"Tue Jun 23 07:35:13 IST 2020":"0:0:0:0.0:0.0:618G"
"Tue Jun 23 07:45:01 IST 2020":"0:0:0:0.0:0.0:618G"
"Tue Jun 23 07:54:52 IST 2020":"0:0:0:0.0:0.0:618G"
"Tue Jun 23 08:04:51 IST 2020":"0:0:0:0.0:0.0:618G"
"Tue Jun 23 08:14:42 IST 2020":"0:0:0:0.0:0.0:618G"
"Tue Jun 23 08:24:32 IST 2020":"0:0:0:0.0:0.0:618G"
"Tue Jun 23 08:34:28 IST 2020":"0:0:0:0.0:0.0:618G"
"Tue Jun 23 08:44:00 IST 2020":"0:0:0:0.0:0.0:618G"
"Tue Jun 23 08:54:02 IST 2020":"0:0:0:0.0:0.0:618G"
"Tue Jun 23 09:03:47 IST 2020":"0:0:0:0.0:0.0:618G"
"Tue Jun 23 09:13:43 IST 2020":"0:0:0:0.0:0.0:618G"
"Tue Jun 23 09:23:22 IST 2020":"0:0:0:0.0:0.0:618G"
"Tue Jun 23 09:33:04 IST 2020":"0:0:0:0.0:0.0:618G"
"Tue Jun 23 09:44:05 IST 2020":"0:0:0:0.0:0.0:618G"
"Tue Jun 23 09:53:48 IST 2020":"0:0:0:0.0:0.0:618G"
"Tue Jun 23 10:03:41 IST 2020":"0:0:0:0.0:0.0:618G"
"Tue Jun 23 10:13:32 IST 2020":"0:0:0:0.0:0.0:618G"
"Tue Jun 23 10:23:21 IST 2020":"0:0:0:0.0:0.0:618G"
"Tue Jun 23 10:33:25 IST 2020":"0:0:0:0.0:0.0:618G"
"Tue Jun 23 10:43:11 IST 2020":"0:0:0:0.0:0.0:618G"
"Tue Jun 23 10:52:57 IST 2020":"0:0:0:0.0:0.0:618G"
"Tue Jun 23 11:03:00 IST 2020":"0:0:0:0.0:0.0:618G"
"Tue Jun 23 11:12:52 IST 2020":"0:0:0:0.0:0.0:618G"
"Tue Jun 23 11:22:33 IST 2020":"0:0:0:0.0:0.0:618G"
"Tue Jun 23 11:32:25 IST 2020":"0:0:0:0.0:0.0:618G"
"Tue Jun 23 11:42:09 IST 2020":"0:0:0:0.0:0.0:618G"
"Tue Jun 23 11:52:03 IST 2020":"0:0:0:0.0:0.0:618G"
"Tue Jun 23 12:02:24 IST 2020":"0:0:0:0.0:0.0:618G"
"Tue Jun 23 12:12:13 IST 2020":"0:0:0:0.0:0.0:618G"
"Tue Jun 23 12:21:55 IST 2020":"0:0:0:0.0:0.0:618G"
"Tue Jun 23 12:31:44 IST 2020":"0:0:0:0.0:0.0:618G"
"Tue Jun 23 12:51:47 IST 2020":"0:0:0:0.0:0.0:618G"
"Tue Jun 23 13:01:34 IST 2020":"0:0:0:0.0:0.0:618G"
"Tue Jun 23 13:11:22 IST 2020":"0:0:0:0.0:0.0:618G"
"Tue Jun 23 13:21:07 IST 2020":"0:0:0:0.0:0.0:618G"
"Tue Jun 23 14:03:40 IST 2020":"0:0:0:0.0:0.0:618G"
"Tue Jun 23 14:13:48 IST 2020":"0:0:0:0.0:0.0:618G"
"Tue Jun 23 14:23:37 IST 2020":"0:0:0:0.0:0.0:618G"
"Tue Jun 23 14:42:29 IST 2020":"0:0:0:0.0:0.0:618G"
"Tue Jun 23 14:52:25 IST 2020":"0:0:0:0.0:0.0:618G"
"Tue Jun 23 15:02:04 IST 2020":"0:0:0:0.0:0.0:618G"
"Tue Jun 23 15:12:31 IST 2020":"0:0:0:0.0:0.0:618G"
"Tue Jun 23 15:22:06 IST 2020":"0:0:0:0.0:0.0:618G"
"Tue Jun 23 15:32:21 IST 2020":"0:0:0:0.0:0.0:618G"
"Tue Jun 23 15:42:02 IST 2020":"0:0:0:0.0:0.0:618G"
"Tue Jun 23 15:52:09 IST 2020":"0:0:0:0.0:0.0:618G"
"Tue Jun 23 16:02:19 IST 2020":"0:0:0:0.0:0.0:618G"
"Tue Jun 23 16:12:42 IST 2020":"0:0:0:0.0:0.0:618G"
"Tue Jun 23 16:23:00 IST 2020":"0:0:0:0.0:0.0:618G"
"Tue Jun 23 16:33:03 IST 2020":"0:0:0:0.0:0.0:618G"
"Tue Jun 23 16:43:01 IST 2020":"0:0:0:0.0:0.0:618G"
"Tue Jun 23 16:53:35 IST 2020":"0:0:0:0.0:0.0:618G"
"Tue Jun 23 17:03:39 IST 2020":"0:0:0:0.0:0.0:618G"
"Tue Jun 23 17:14:10 IST 2020":"0:0:0:0.0:0.0:618G"
"Tue Jun 23 17:24:39 IST 2020":"0:0:0:0.0:0.0:618G"
"Tue Jun 23 17:44:05 IST 2020":"0:0:0:0.0:0.0:618G"
"Tue Jun 23 17:54:01 IST 2020":"0:0:0:0.0:0.0:618G"
"Tue Jun 23 17:57:38 IST 2020":"0:0:0:0.0:0.0:618G"
"Tue Jun 23 18:13:21 IST 2020":"0:0:0:0.0:0.0:618G"
"Tue Jun 23 18:23:23 IST 2020":"0:0:0:0.0:0.0:618G"
"Tue Jun 23 18:33:23 IST 2020":"0:0:0:0.0:0.0:618G"
"Tue Jun 23 18:43:16 IST 2020":"0:0:0:0.0:0.0:618G"
"Tue Jun 23 18:53:12 IST 2020":"0:0:0:0.0:0.0:618G"
"Tue Jun 23 19:03:02 IST 2020":"0:0:0:0.0:0.0:618G"
"Tue Jun 23 19:13:03 IST 2020":"0:0:0:0.0:0.0:618G"
"Tue Jun 23 19:22:59 IST 2020":"0:0:0:0.0:0.0:618G"
"Tue Jun 23 19:33:03 IST 2020":"0:0:0:0.0:0.0:618G"
"Tue Jun 23 19:42:56 IST 2020":"0:0:0:0.0:0.0:618G"
